<?xml version="1.0" encoding="UTF-8"?>
<testsuite xmlns:xsi="http://www.w3.org/2001/XMLSchema-instance" xsi:noNamespaceSchemaLocation="https://maven.apache.org/surefire/maven-surefire-plugin/xsd/surefire-test-report.xsd" version="3.0.2" name="no.fdk.harvestadmin.integration.KafkaIntegrationTest" time="18.027" tests="1" errors="0" skipped="0" failures="0">
  <properties>
[...]
</properties>
  <testcase name="should handle multiple harvest events for same data source" classname="no.fdk.harvestadmin.integration.KafkaIntegrationTest" time="5.542">
    <system-out><![CDATA[15:21:49.353 [main] INFO org.springframework.test.context.support.AnnotationConfigContextLoaderUtils -- Could not detect default configuration classes for test class [no.fdk.harvestadmin.integration.BaseIntegrationTest]: BaseIntegrationTest does not declare any static, non-private, non-final, nested classes annotated with @Configuration.
15:21:49.408 [main] INFO org.springframework.boot.test.context.SpringBootTestContextBootstrapper -- Found @SpringBootConfiguration no.fdk.harvestadmin.FdkHarvestAdminServiceApplication for test class no.fdk.harvestadmin.integration.KafkaIntegrationTest
15:21:49.447 [main] INFO no.fdk.harvestadmin.integration.TestContainerLifecycleExtension -- 🔧 Ensuring shared test containers are started...
15:21:49.476 [main] INFO org.testcontainers.images.PullPolicy -- Image pull policy will be performed by: DefaultPullPolicy()
15:21:49.477 [main] INFO org.testcontainers.utility.ImageNameSubstitutor -- Image name substitution will be performed by: DefaultImageNameSubstitutor (composite of 'ConfigurationFileImageNameSubstitutor' and 'PrefixingImageNameSubstitutor')
15:21:49.551 [main] INFO org.testcontainers.dockerclient.DockerClientProviderStrategy -- Loaded org.testcontainers.dockerclient.UnixSocketClientProviderStrategy from ~/.testcontainers.properties, will try it first
15:21:49.705 [main] INFO org.testcontainers.dockerclient.DockerClientProviderStrategy -- Found Docker environment with local Unix socket (unix:///var/run/docker.sock)
15:21:49.706 [main] INFO org.testcontainers.DockerClientFactory -- Docker host IP address is localhost
15:21:49.735 [main] INFO org.testcontainers.DockerClientFactory -- Connected to docker: 
  Server Version: 5.4.2
  API Version: 1.41
  Operating System: fedora
  Total Memory: 3616 MB
15:21:49.795 [main] INFO tc.testcontainers/ryuk:0.5.1 -- Creating container for image: testcontainers/ryuk:0.5.1
15:21:49.798 [main] INFO org.testcontainers.utility.RegistryAuthLocator -- Failure when attempting to lookup auth config. Please ignore if you don't have images in an authenticated registry. Details: (dockerImageName: testcontainers/ryuk:0.5.1, configFile: /Users/jeffreiffers/.docker/config.json, configEnv: DOCKER_AUTH_CONFIG). Falling back to docker-java default behaviour. Exception message: Status 404: No config supplied. Checked in order: /Users/jeffreiffers/.docker/config.json (file not found), DOCKER_AUTH_CONFIG (not set)
15:21:49.836 [main] INFO tc.testcontainers/ryuk:0.5.1 -- Container testcontainers/ryuk:0.5.1 is starting: 031810eed4adb80c2011eb46a1fa7c25c1e9966e3f86cdd9672e65e61f6d2c93
15:21:49.976 [main] INFO tc.testcontainers/ryuk:0.5.1 -- Container testcontainers/ryuk:0.5.1 started in PT0.180868S
15:21:49.980 [main] INFO org.testcontainers.utility.RyukResourceReaper -- Ryuk started - will monitor and terminate Testcontainers containers on JVM exit
15:21:49.980 [main] INFO org.testcontainers.DockerClientFactory -- Checking the system...
15:21:49.981 [main] INFO org.testcontainers.DockerClientFactory -- ✔︎ Docker server version should be at least 1.6.0
15:21:49.986 [main] INFO tc.postgres:15 -- Creating container for image: postgres:15
15:21:49.991 [main] WARN tc.postgres:15 -- Reuse was requested but the environment does not support the reuse of containers
To enable reuse of containers, you must set 'testcontainers.reuse.enable=true' in a file located at /Users/jeffreiffers/.testcontainers.properties
15:21:50.002 [main] INFO tc.postgres:15 -- Container postgres:15 is starting: f6a83dceb6be2a192e38bc02f014a2745fd4b3690541a89de93276a72909fe7c
15:21:50.959 [main] INFO tc.postgres:15 -- Container postgres:15 started in PT0.972962S
15:21:50.960 [main] INFO tc.postgres:15 -- Container is started (JDBC URL: jdbc:postgresql://localhost:38731/fdk_harvest_admin?loggerLevel=OFF)
15:21:50.984 [main] INFO tc.confluentinc/cp-kafka:7.4.0 -- Creating container for image: confluentinc/cp-kafka:7.4.0
15:21:50.985 [main] WARN tc.confluentinc/cp-kafka:7.4.0 -- Reuse was requested but the environment does not support the reuse of containers
To enable reuse of containers, you must set 'testcontainers.reuse.enable=true' in a file located at /Users/jeffreiffers/.testcontainers.properties
15:21:51.000 [main] INFO tc.confluentinc/cp-kafka:7.4.0 -- Container confluentinc/cp-kafka:7.4.0 is starting: d5972f84fd52beba338317f44a2d6682f3c18716016340302c48b3431482679b
15:21:53.472 [main] INFO tc.confluentinc/cp-kafka:7.4.0 -- Container confluentinc/cp-kafka:7.4.0 started in PT2.488498S
15:21:53.491 [main] INFO tc.confluentinc/cp-schema-registry:7.4.0 -- Creating container for image: confluentinc/cp-schema-registry:7.4.0
15:21:53.491 [main] WARN tc.confluentinc/cp-schema-registry:7.4.0 -- Reuse was requested but the environment does not support the reuse of containers
To enable reuse of containers, you must set 'testcontainers.reuse.enable=true' in a file located at /Users/jeffreiffers/.testcontainers.properties
15:21:53.503 [main] INFO tc.confluentinc/cp-schema-registry:7.4.0 -- Container confluentinc/cp-schema-registry:7.4.0 is starting: 589ecf95078b89b382d583a40732806edceb43f51b25b450fc1abefc0737cd02
15:21:53.594 [main] INFO org.testcontainers.containers.wait.strategy.HttpWaitStrategy -- /vibrant_saha: Waiting for 60 seconds for URL: http://localhost:46153/subjects (where port 46153 maps to container port 8081)
15:21:57.755 [main] INFO tc.confluentinc/cp-schema-registry:7.4.0 -- Container confluentinc/cp-schema-registry:7.4.0 started in PT4.264288S
15:21:57.761 [main] INFO no.fdk.harvestadmin.integration.TestContainerLifecycleExtension -- ✅ All shared test containers are running
15:21:57.761 [main] INFO no.fdk.harvestadmin.integration.TestContainerLifecycleExtension --    - PostgreSQL: jdbc:postgresql://localhost:38731/fdk_harvest_admin?loggerLevel=OFF
15:21:57.762 [main] INFO no.fdk.harvestadmin.integration.TestContainerLifecycleExtension --    - Kafka: PLAINTEXT://localhost:34399
15:21:57.762 [main] INFO no.fdk.harvestadmin.integration.TestContainerLifecycleExtension --    - Schema Registry: http://localhost:46153

  .   ____          _            __ _ _
 /\\ / ___'_ __ _ _(_)_ __  __ _ \ \ \ \
( ( )\___ | '_ | '_| | '_ \/ _` | \ \ \ \
 \\/  ___)| |_)| | | | | || (_| |  ) ) ) )
  '  |____| .__|_| |_|_| |_\__, | / / / /
 =========|_|==============|___/=/_/_/_/

 :: Spring Boot ::                (v3.5.6)

2025-12-09T15:21:58.038+01:00  INFO 40386 --- [fdk-harvest-admin-service] [           main] n.f.h.integration.KafkaIntegrationTest   : Starting KafkaIntegrationTest using Java 22 with PID 40386 (started by jeffreiffers in /Users/jeffreiffers/Digdir/fdk-harvest-admin-service)
2025-12-09T15:21:58.039+01:00 DEBUG 40386 --- [fdk-harvest-admin-service] [           main] n.f.h.integration.KafkaIntegrationTest   : Running with Spring Boot v3.5.6, Spring v6.2.11
2025-12-09T15:21:58.039+01:00  INFO 40386 --- [fdk-harvest-admin-service] [           main] n.f.h.integration.KafkaIntegrationTest   : The following 1 profile is active: "test"
2025-12-09T15:21:58.629+01:00  INFO 40386 --- [fdk-harvest-admin-service] [           main] .s.d.r.c.RepositoryConfigurationDelegate : Bootstrapping Spring Data JPA repositories in DEFAULT mode.
2025-12-09T15:21:58.657+01:00  INFO 40386 --- [fdk-harvest-admin-service] [           main] .s.d.r.c.RepositoryConfigurationDelegate : Finished Spring Data repository scanning in 23 ms. Found 3 JPA repository interfaces.
2025-12-09T15:21:59.106+01:00  INFO 40386 --- [fdk-harvest-admin-service] [           main] o.hibernate.jpa.internal.util.LogHelper  : HHH000204: Processing PersistenceUnitInfo [name: default]
2025-12-09T15:21:59.134+01:00  INFO 40386 --- [fdk-harvest-admin-service] [           main] org.hibernate.Version                    : HHH000412: Hibernate ORM core version 6.6.29.Final
2025-12-09T15:21:59.148+01:00  INFO 40386 --- [fdk-harvest-admin-service] [           main] o.h.c.internal.RegionFactoryInitiator    : HHH000026: Second-level cache disabled
2025-12-09T15:21:59.269+01:00  INFO 40386 --- [fdk-harvest-admin-service] [           main] o.s.o.j.p.SpringPersistenceUnitInfo      : No LoadTimeWeaver setup: ignoring JPA class transformer
2025-12-09T15:21:59.282+01:00  INFO 40386 --- [fdk-harvest-admin-service] [           main] com.zaxxer.hikari.HikariDataSource       : HikariPool-1 - Starting...
2025-12-09T15:21:59.366+01:00  INFO 40386 --- [fdk-harvest-admin-service] [           main] com.zaxxer.hikari.pool.HikariPool        : HikariPool-1 - Added connection org.postgresql.jdbc.PgConnection@46c28400
2025-12-09T15:21:59.366+01:00  INFO 40386 --- [fdk-harvest-admin-service] [           main] com.zaxxer.hikari.HikariDataSource       : HikariPool-1 - Start completed.
2025-12-09T15:21:59.382+01:00  WARN 40386 --- [fdk-harvest-admin-service] [           main] org.hibernate.orm.deprecation            : HHH90000025: PostgreSQLDialect does not need to be specified explicitly using 'hibernate.dialect' (remove the property setting and it will be selected by default)
2025-12-09T15:21:59.392+01:00  INFO 40386 --- [fdk-harvest-admin-service] [           main] org.hibernate.orm.connections.pooling    : HHH10001005: Database info:
	Database JDBC URL [Connecting through datasource 'HikariDataSource (HikariPool-1)']
	Database driver: undefined/unknown
	Database version: 15.15
	Autocommit mode: undefined/unknown
	Isolation level: undefined/unknown
	Minimum pool size: undefined/unknown
	Maximum pool size: undefined/unknown
2025-12-09T15:21:59.889+01:00  INFO 40386 --- [fdk-harvest-admin-service] [           main] o.h.e.t.j.p.i.JtaPlatformInitiator       : HHH000489: No JTA platform available (set 'hibernate.transaction.jta.platform' to enable JTA platform integration)
2025-12-09T15:21:59.894+01:00 DEBUG 40386 --- [fdk-harvest-admin-service] [           main] org.hibernate.SQL                        : 
    set client_min_messages = WARNING
Hibernate: 
    set client_min_messages = WARNING
2025-12-09T15:21:59.896+01:00 DEBUG 40386 --- [fdk-harvest-admin-service] [           main] org.hibernate.SQL                        : 
    drop table if exists data_sources cascade
Hibernate: 
    drop table if exists data_sources cascade
2025-12-09T15:21:59.897+01:00 DEBUG 40386 --- [fdk-harvest-admin-service] [           main] org.hibernate.SQL                        : 
    drop table if exists harvest_progress_events cascade
Hibernate: 
    drop table if exists harvest_progress_events cascade
2025-12-09T15:21:59.897+01:00 DEBUG 40386 --- [fdk-harvest-admin-service] [           main] org.hibernate.SQL                        : 
    drop table if exists harvest_runs cascade
Hibernate: 
    drop table if exists harvest_runs cascade
2025-12-09T15:21:59.900+01:00 DEBUG 40386 --- [fdk-harvest-admin-service] [           main] org.hibernate.SQL                        : 
    create table data_sources (
        id varchar(36) not null,
        data_source_type varchar(50) not null,
        data_type varchar(50) not null,
        url varchar(2048) not null,
        accept_header varchar(255),
        description TEXT,
        publisher_id varchar(255) not null,
        primary key (id)
    )
Hibernate: 
    create table data_sources (
        id varchar(36) not null,
        data_source_type varchar(50) not null,
        data_type varchar(50) not null,
        url varchar(2048) not null,
        accept_header varchar(255),
        description TEXT,
        publisher_id varchar(255) not null,
        primary key (id)
    )
2025-12-09T15:21:59.904+01:00 DEBUG 40386 --- [fdk-harvest-admin-service] [           main] org.hibernate.SQL                        : 
    create table harvest_progress_events (
        changed_resources_count integer,
        removed_resources_count integer,
        unchanged_resources_count integer,
        created_at timestamp(6) with time zone not null,
        id bigint generated by default as identity,
        timestamp bigint not null,
        harvest_run_id varchar(36),
        data_type varchar(50) not null,
        event_type varchar(100) not null,
        data_source_url varchar(2048),
        resource_uri varchar(2048),
        accept_header varchar(255),
        data_source_id varchar(255) not null,
        end_time varchar(255),
        error_message TEXT,
        fdk_id varchar(255),
        start_time varchar(255),
        primary key (id)
    )
Hibernate: 
    create table harvest_progress_events (
        changed_resources_count integer,
        removed_resources_count integer,
        unchanged_resources_count integer,
        created_at timestamp(6) with time zone not null,
        id bigint generated by default as identity,
        timestamp bigint not null,
        harvest_run_id varchar(36),
        data_type varchar(50) not null,
        event_type varchar(100) not null,
        data_source_url varchar(2048),
        resource_uri varchar(2048),
        accept_header varchar(255),
        data_source_id varchar(255) not null,
        end_time varchar(255),
        error_message TEXT,
        fdk_id varchar(255),
        start_time varchar(255),
        primary key (id)
    )
2025-12-09T15:21:59.907+01:00 DEBUG 40386 --- [fdk-harvest-admin-service] [           main] org.hibernate.SQL                        : 
    create table harvest_runs (
        changed_resources_count integer,
        processed_resources integer,
        remaining_resources integer,
        removed_resources_count integer,
        total_resources integer,
        unchanged_resources_count integer,
        ai_search_processing_duration_ms bigint,
        api_processing_duration_ms bigint,
        created_at timestamp(6) with time zone not null,
        harvest_duration_ms bigint,
        id bigint generated by default as identity,
        init_duration_ms bigint,
        last_event_timestamp bigint,
        phase_started_at timestamp(6) with time zone,
        rdf_parsing_duration_ms bigint,
        reasoning_duration_ms bigint,
        run_ended_at timestamp(6) with time zone,
        run_started_at timestamp(6) with time zone not null,
        search_processing_duration_ms bigint,
        sparql_processing_duration_ms bigint,
        total_duration_ms bigint,
        updated_at timestamp(6) with time zone not null,
        run_id varchar(36) not null unique,
        data_type varchar(50) not null,
        status varchar(50) not null,
        current_phase varchar(100),
        data_source_id varchar(255) not null,
        error_message TEXT,
        primary key (id)
    )
Hibernate: 
    create table harvest_runs (
        changed_resources_count integer,
        processed_resources integer,
        remaining_resources integer,
        removed_resources_count integer,
        total_resources integer,
        unchanged_resources_count integer,
        ai_search_processing_duration_ms bigint,
        api_processing_duration_ms bigint,
        created_at timestamp(6) with time zone not null,
        harvest_duration_ms bigint,
        id bigint generated by default as identity,
        init_duration_ms bigint,
        last_event_timestamp bigint,
        phase_started_at timestamp(6) with time zone,
        rdf_parsing_duration_ms bigint,
        reasoning_duration_ms bigint,
        run_ended_at timestamp(6) with time zone,
        run_started_at timestamp(6) with time zone not null,
        search_processing_duration_ms bigint,
        sparql_processing_duration_ms bigint,
        total_duration_ms bigint,
        updated_at timestamp(6) with time zone not null,
        run_id varchar(36) not null unique,
        data_type varchar(50) not null,
        status varchar(50) not null,
        current_phase varchar(100),
        data_source_id varchar(255) not null,
        error_message TEXT,
        primary key (id)
    )
2025-12-09T15:21:59.911+01:00 DEBUG 40386 --- [fdk-harvest-admin-service] [           main] org.hibernate.SQL                        : 
    create index idx_publisher_id 
       on data_sources (publisher_id)
Hibernate: 
    create index idx_publisher_id 
       on data_sources (publisher_id)
2025-12-09T15:21:59.913+01:00 DEBUG 40386 --- [fdk-harvest-admin-service] [           main] org.hibernate.SQL                        : 
    create index idx_url_data_type 
       on data_sources (url, data_type)
Hibernate: 
    create index idx_url_data_type 
       on data_sources (url, data_type)
2025-12-09T15:21:59.916+01:00  INFO 40386 --- [fdk-harvest-admin-service] [           main] j.LocalContainerEntityManagerFactoryBean : Initialized JPA EntityManagerFactory for persistence unit 'default'
2025-12-09T15:22:00.042+01:00  WARN 40386 --- [fdk-harvest-admin-service] [           main] JpaBaseConfiguration$JpaWebConfiguration : spring.jpa.open-in-view is enabled by default. Therefore, database queries may be performed during view rendering. Explicitly configure spring.jpa.open-in-view to disable this warning
2025-12-09T15:22:00.701+01:00  INFO 40386 --- [fdk-harvest-admin-service] [           main] o.s.d.j.r.query.QueryEnhancerFactory     : Hibernate is in classpath; If applicable, HQL parser will be used.
2025-12-09T15:22:01.510+01:00  INFO 40386 --- [fdk-harvest-admin-service] [           main] o.s.b.a.e.web.EndpointLinksResolver      : Exposing 3 endpoints beneath base path '/actuator'
2025-12-09T15:22:01.522+01:00  INFO 40386 --- [fdk-harvest-admin-service] [           main] n.f.h.integration.KafkaIntegrationTest   : Started KafkaIntegrationTest in 3.632 seconds (process running for 12.544)
2025-12-09T15:22:01.566+01:00  WARN 40386 --- [fdk-harvest-admin-service] [           main] o.s.core.events.SpringDocAppInitializer  : SpringDoc /api-docs endpoint is enabled by default. To disable it in production, set the property 'springdoc.api-docs.enabled=false'
2025-12-09T15:22:01.566+01:00  WARN 40386 --- [fdk-harvest-admin-service] [           main] o.s.core.events.SpringDocAppInitializer  : SpringDoc /swagger-ui.html endpoint is enabled by default. To disable it in production, set the property 'springdoc.swagger-ui.enabled=false'
2025-12-09T15:22:01.649+01:00 DEBUG 40386 --- [fdk-harvest-admin-service] [           main] KafkaListenerAnnotationBeanPostProcessor : No retry topic configuration found for topics [harvest-events]
2025-12-09T15:22:01.694+01:00  INFO 40386 --- [fdk-harvest-admin-service] [           main] o.a.k.clients.consumer.ConsumerConfig    : ConsumerConfig values: 
	allow.auto.create.topics = true
	auto.commit.interval.ms = 5000
	auto.include.jmx.reporter = true
	auto.offset.reset = earliest
	bootstrap.servers = [PLAINTEXT://localhost:34399]
	check.crcs = true
	client.dns.lookup = use_all_dns_ips
	client.id = consumer-test-group-1
	client.rack = 
	connections.max.idle.ms = 540000
	default.api.timeout.ms = 60000
	enable.auto.commit = false
	enable.metrics.push = true
	exclude.internal.topics = true
	fetch.max.bytes = 52428800
	fetch.max.wait.ms = 500
	fetch.min.bytes = 1
	group.id = test-group
	group.instance.id = null
	group.protocol = classic
	group.remote.assignor = null
	heartbeat.interval.ms = 3000
	interceptor.classes = []
	internal.leave.group.on.close = true
	internal.throw.on.fetch.stable.offset.unsupported = false
	isolation.level = read_uncommitted
	key.deserializer = class org.apache.kafka.common.serialization.StringDeserializer
	max.partition.fetch.bytes = 1048576
	max.poll.interval.ms = 300000
	max.poll.records = 500
	metadata.max.age.ms = 300000
	metadata.recovery.strategy = none
	metric.reporters = []
	metrics.num.samples = 2
	metrics.recording.level = INFO
	metrics.sample.window.ms = 30000
	partition.assignment.strategy = [class org.apache.kafka.clients.consumer.RangeAssignor, class org.apache.kafka.clients.consumer.CooperativeStickyAssignor]
	receive.buffer.bytes = 65536
	reconnect.backoff.max.ms = 1000
	reconnect.backoff.ms = 50
	request.timeout.ms = 30000
	retry.backoff.max.ms = 1000
	retry.backoff.ms = 100
	sasl.client.callback.handler.class = null
	sasl.jaas.config = null
	sasl.kerberos.kinit.cmd = /usr/bin/kinit
	sasl.kerberos.min.time.before.relogin = 60000
	sasl.kerberos.service.name = null
	sasl.kerberos.ticket.renew.jitter = 0.05
	sasl.kerberos.ticket.renew.window.factor = 0.8
	sasl.login.callback.handler.class = null
	sasl.login.class = null
	sasl.login.connect.timeout.ms = null
	sasl.login.read.timeout.ms = null
	sasl.login.refresh.buffer.seconds = 300
	sasl.login.refresh.min.period.seconds = 60
	sasl.login.refresh.window.factor = 0.8
	sasl.login.refresh.window.jitter = 0.05
	sasl.login.retry.backoff.max.ms = 10000
	sasl.login.retry.backoff.ms = 100
	sasl.mechanism = GSSAPI
	sasl.oauthbearer.clock.skew.seconds = 30
	sasl.oauthbearer.expected.audience = null
	sasl.oauthbearer.expected.issuer = null
	sasl.oauthbearer.header.urlencode = false
	sasl.oauthbearer.jwks.endpoint.refresh.ms = 3600000
	sasl.oauthbearer.jwks.endpoint.retry.backoff.max.ms = 10000
	sasl.oauthbearer.jwks.endpoint.retry.backoff.ms = 100
	sasl.oauthbearer.jwks.endpoint.url = null
	sasl.oauthbearer.scope.claim.name = scope
	sasl.oauthbearer.sub.claim.name = sub
	sasl.oauthbearer.token.endpoint.url = null
	security.protocol = PLAINTEXT
	security.providers = null
	send.buffer.bytes = 131072
	session.timeout.ms = 45000
	socket.connection.setup.timeout.max.ms = 30000
	socket.connection.setup.timeout.ms = 10000
	ssl.cipher.suites = null
	ssl.enabled.protocols = [TLSv1.2, TLSv1.3]
	ssl.endpoint.identification.algorithm = https
	ssl.engine.factory.class = null
	ssl.key.password = null
	ssl.keymanager.algorithm = SunX509
	ssl.keystore.certificate.chain = null
	ssl.keystore.key = null
	ssl.keystore.location = null
	ssl.keystore.password = null
	ssl.keystore.type = JKS
	ssl.protocol = TLSv1.3
	ssl.provider = null
	ssl.secure.random.implementation = null
	ssl.trustmanager.algorithm = PKIX
	ssl.truststore.certificates = null
	ssl.truststore.location = null
	ssl.truststore.password = null
	ssl.truststore.type = JKS
	value.deserializer = class io.confluent.kafka.serializers.KafkaAvroDeserializer

2025-12-09T15:22:01.718+01:00  INFO 40386 --- [fdk-harvest-admin-service] [           main] o.a.k.c.t.i.KafkaMetricsCollector        : initializing Kafka metrics collector
2025-12-09T15:22:01.734+01:00  INFO 40386 --- [fdk-harvest-admin-service] [           main] i.c.k.s.KafkaAvroDeserializerConfig      : KafkaAvroDeserializerConfig values: 
	auto.register.schemas = true
	avro.reflection.allow.null = false
	avro.use.logical.type.converters = false
	basic.auth.credentials.source = URL
	basic.auth.user.info = [hidden]
	bearer.auth.cache.expiry.buffer.seconds = 300
	bearer.auth.client.id = null
	bearer.auth.client.secret = null
	bearer.auth.credentials.source = STATIC_TOKEN
	bearer.auth.custom.provider.class = null
	bearer.auth.identity.pool.id = null
	bearer.auth.issuer.endpoint.url = null
	bearer.auth.logical.cluster = null
	bearer.auth.scope = null
	bearer.auth.scope.claim.name = scope
	bearer.auth.sub.claim.name = sub
	bearer.auth.token = [hidden]
	context.name.strategy = class io.confluent.kafka.serializers.context.NullContextNameStrategy
	http.connect.timeout.ms = 60000
	http.read.timeout.ms = 60000
	id.compatibility.strict = true
	key.schema.id.deserializer = class io.confluent.kafka.serializers.schema.id.DualSchemaIdDeserializer
	key.schema.id.serializer = class io.confluent.kafka.serializers.schema.id.PrefixSchemaIdSerializer
	key.subject.name.strategy = class io.confluent.kafka.serializers.subject.TopicNameStrategy
	latest.cache.size = 1000
	latest.cache.ttl.sec = -1
	latest.compatibility.strict = true
	max.retries = 3
	max.schemas.per.subject = 1000
	normalize.schemas = false
	propagate.schema.tags = false
	proxy.host = 
	proxy.port = -1
	retries.max.wait.ms = 20000
	retries.wait.ms = 1000
	rule.actions = []
	rule.executors = []
	rule.service.loader.enable = true
	schema.format = null
	schema.reflection = false
	schema.registry.basic.auth.user.info = [hidden]
	schema.registry.ssl.cipher.suites = null
	schema.registry.ssl.enabled.protocols = [TLSv1.2, TLSv1.3]
	schema.registry.ssl.endpoint.identification.algorithm = https
	schema.registry.ssl.engine.factory.class = null
	schema.registry.ssl.key.password = null
	schema.registry.ssl.keymanager.algorithm = SunX509
	schema.registry.ssl.keystore.certificate.chain = null
	schema.registry.ssl.keystore.key = null
	schema.registry.ssl.keystore.location = null
	schema.registry.ssl.keystore.password = null
	schema.registry.ssl.keystore.type = JKS
	schema.registry.ssl.protocol = TLSv1.3
	schema.registry.ssl.provider = null
	schema.registry.ssl.secure.random.implementation = null
	schema.registry.ssl.trustmanager.algorithm = PKIX
	schema.registry.ssl.truststore.certificates = null
	schema.registry.ssl.truststore.location = null
	schema.registry.ssl.truststore.password = null
	schema.registry.ssl.truststore.type = JKS
	schema.registry.url = [http://localhost:46153]
	schema.registry.url.randomize = false
	specific.avro.key.type = null
	specific.avro.reader = true
	specific.avro.value.type = null
	use.latest.version = false
	use.latest.with.metadata = null
	use.schema.id = -1
	value.schema.id.deserializer = class io.confluent.kafka.serializers.schema.id.DualSchemaIdDeserializer
	value.schema.id.serializer = class io.confluent.kafka.serializers.schema.id.PrefixSchemaIdSerializer
	value.subject.name.strategy = class io.confluent.kafka.serializers.subject.TopicNameStrategy

2025-12-09T15:22:01.790+01:00  INFO 40386 --- [fdk-harvest-admin-service] [           main] o.a.k.clients.consumer.ConsumerConfig    : These configurations '[schema.registry.url, specific.avro.reader]' were supplied but are not used yet.
2025-12-09T15:22:01.791+01:00  INFO 40386 --- [fdk-harvest-admin-service] [           main] o.a.kafka.common.utils.AppInfoParser     : Kafka version: 3.9.1
2025-12-09T15:22:01.791+01:00  INFO 40386 --- [fdk-harvest-admin-service] [           main] o.a.kafka.common.utils.AppInfoParser     : Kafka commitId: f745dfdcee2b9851
2025-12-09T15:22:01.791+01:00  INFO 40386 --- [fdk-harvest-admin-service] [           main] o.a.kafka.common.utils.AppInfoParser     : Kafka startTimeMs: 1765290121791
2025-12-09T15:22:01.793+01:00  INFO 40386 --- [fdk-harvest-admin-service] [           main] o.a.k.c.c.i.ClassicKafkaConsumer         : [Consumer clientId=consumer-test-group-1, groupId=test-group] Subscribed to topic(s): harvest-events
2025-12-09T15:22:01.797+01:00 DEBUG 40386 --- [fdk-harvest-admin-service] [           main] KafkaListenerAnnotationBeanPostProcessor : 1 @KafkaListener methods processed on bean 'kafkaHarvestEventConsumer': {public void no.fdk.harvestadmin.kafka.KafkaHarvestEventConsumer.consumeHarvestEvent(org.apache.kafka.clients.consumer.ConsumerRecord)=[@org.springframework.kafka.annotation.KafkaListener(topicPattern="", contentTypeConverter="", containerFactory="kafkaListenerContainerFactory", beanRef="__listener", topics={"${app.kafka.topic.harvest-events}"}, groupId="${spring.kafka.consumer.group-id:fdk-harvest-admin-service}", batch="", topicPartitions={}, clientIdPrefix="", splitIterables=true, concurrency="", autoStartup="", filter="", containerGroup="", idIsGroup=true, errorHandler="", containerPostProcessor="", id="", properties={}, info="")]}
2025-12-09T15:22:01.985+01:00  WARN 40386 --- [fdk-harvest-admin-service] [ntainer#0-0-C-1] org.apache.kafka.clients.NetworkClient   : [Consumer clientId=consumer-test-group-1, groupId=test-group] The metadata response from the cluster reported a recoverable issue with correlation id 3 : {harvest-events=LEADER_NOT_AVAILABLE}
2025-12-09T15:22:01.985+01:00  INFO 40386 --- [fdk-harvest-admin-service] [ntainer#0-0-C-1] org.apache.kafka.clients.Metadata        : [Consumer clientId=consumer-test-group-1, groupId=test-group] Cluster ID: eJGnUcQZRAKVcH1I_8PCWA
2025-12-09T15:22:01.986+01:00  INFO 40386 --- [fdk-harvest-admin-service] [ntainer#0-0-C-1] o.a.k.c.c.internals.ConsumerCoordinator  : [Consumer clientId=consumer-test-group-1, groupId=test-group] Discovered group coordinator localhost:34399 (id: 2147483646 rack: null)
2025-12-09T15:22:01.988+01:00  INFO 40386 --- [fdk-harvest-admin-service] [ntainer#0-0-C-1] o.a.k.c.c.internals.ConsumerCoordinator  : [Consumer clientId=consumer-test-group-1, groupId=test-group] (Re-)joining group
2025-12-09T15:22:01.998+01:00  INFO 40386 --- [fdk-harvest-admin-service] [ntainer#0-0-C-1] o.a.k.c.c.internals.ConsumerCoordinator  : [Consumer clientId=consumer-test-group-1, groupId=test-group] Request joining group due to: need to re-join with the given member-id: consumer-test-group-1-4a124634-bdf8-447b-b3fe-06afd38aea58
2025-12-09T15:22:01.998+01:00  INFO 40386 --- [fdk-harvest-admin-service] [ntainer#0-0-C-1] o.a.k.c.c.internals.ConsumerCoordinator  : [Consumer clientId=consumer-test-group-1, groupId=test-group] (Re-)joining group
2025-12-09T15:22:02.002+01:00  INFO 40386 --- [fdk-harvest-admin-service] [ntainer#0-0-C-1] o.a.k.c.c.internals.ConsumerCoordinator  : [Consumer clientId=consumer-test-group-1, groupId=test-group] Successfully joined group with generation Generation{generationId=1, memberId='consumer-test-group-1-4a124634-bdf8-447b-b3fe-06afd38aea58', protocol='range'}
2025-12-09T15:22:02.099+01:00  INFO 40386 --- [fdk-harvest-admin-service] [ntainer#0-0-C-1] o.a.k.c.c.internals.ConsumerCoordinator  : [Consumer clientId=consumer-test-group-1, groupId=test-group] Finished assignment for group at generation 1: {consumer-test-group-1-4a124634-bdf8-447b-b3fe-06afd38aea58=Assignment(partitions=[harvest-events-0])}
2025-12-09T15:22:02.104+01:00  INFO 40386 --- [fdk-harvest-admin-service] [ntainer#0-0-C-1] o.a.k.c.c.internals.ConsumerCoordinator  : [Consumer clientId=consumer-test-group-1, groupId=test-group] Successfully synced group in generation Generation{generationId=1, memberId='consumer-test-group-1-4a124634-bdf8-447b-b3fe-06afd38aea58', protocol='range'}
2025-12-09T15:22:02.105+01:00  INFO 40386 --- [fdk-harvest-admin-service] [ntainer#0-0-C-1] o.a.k.c.c.internals.ConsumerCoordinator  : [Consumer clientId=consumer-test-group-1, groupId=test-group] Notifying assignor about the new Assignment(partitions=[harvest-events-0])
2025-12-09T15:22:02.106+01:00  INFO 40386 --- [fdk-harvest-admin-service] [ntainer#0-0-C-1] k.c.c.i.ConsumerRebalanceListenerInvoker : [Consumer clientId=consumer-test-group-1, groupId=test-group] Adding newly assigned partitions: harvest-events-0
2025-12-09T15:22:02.118+01:00  INFO 40386 --- [fdk-harvest-admin-service] [ntainer#0-0-C-1] o.a.k.c.c.internals.ConsumerCoordinator  : [Consumer clientId=consumer-test-group-1, groupId=test-group] Found no committed offset for partition harvest-events-0
2025-12-09T15:22:02.124+01:00  INFO 40386 --- [fdk-harvest-admin-service] [ntainer#0-0-C-1] o.a.k.c.c.internals.SubscriptionState    : [Consumer clientId=consumer-test-group-1, groupId=test-group] Resetting offset for partition harvest-events-0 to position FetchPosition{offset=0, offsetEpoch=Optional.empty, currentLeader=LeaderAndEpoch{leader=Optional[localhost:34399 (id: 1 rack: null)], epoch=0}}.
2025-12-09T15:22:02.125+01:00  INFO 40386 --- [fdk-harvest-admin-service] [ntainer#0-0-C-1] o.s.k.l.KafkaMessageListenerContainer    : test-group: partitions assigned: [harvest-events-0]
2025-12-09T15:22:02.138+01:00  INFO 40386 --- [fdk-harvest-admin-service] [           main] o.a.k.clients.producer.ProducerConfig    : ProducerConfig values: 
	acks = -1
	auto.include.jmx.reporter = true
	batch.size = 16384
	bootstrap.servers = [PLAINTEXT://localhost:34399]
	buffer.memory = 33554432
	client.dns.lookup = use_all_dns_ips
	client.id = fdk-harvest-admin-service-producer-1
	compression.gzip.level = -1
	compression.lz4.level = 9
	compression.type = none
	compression.zstd.level = 3
	connections.max.idle.ms = 540000
	delivery.timeout.ms = 120000
	enable.idempotence = true
	enable.metrics.push = true
	interceptor.classes = []
	key.serializer = class org.apache.kafka.common.serialization.StringSerializer
	linger.ms = 0
	max.block.ms = 60000
	max.in.flight.requests.per.connection = 5
	max.request.size = 1048576
	metadata.max.age.ms = 300000
	metadata.max.idle.ms = 300000
	metadata.recovery.strategy = none
	metric.reporters = []
	metrics.num.samples = 2
	metrics.recording.level = INFO
	metrics.sample.window.ms = 30000
	partitioner.adaptive.partitioning.enable = true
	partitioner.availability.timeout.ms = 0
	partitioner.class = null
	partitioner.ignore.keys = false
	receive.buffer.bytes = 32768
	reconnect.backoff.max.ms = 1000
	reconnect.backoff.ms = 50
	request.timeout.ms = 30000
	retries = 2147483647
	retry.backoff.max.ms = 1000
	retry.backoff.ms = 100
	sasl.client.callback.handler.class = null
	sasl.jaas.config = null
	sasl.kerberos.kinit.cmd = /usr/bin/kinit
	sasl.kerberos.min.time.before.relogin = 60000
	sasl.kerberos.service.name = null
	sasl.kerberos.ticket.renew.jitter = 0.05
	sasl.kerberos.ticket.renew.window.factor = 0.8
	sasl.login.callback.handler.class = null
	sasl.login.class = null
	sasl.login.connect.timeout.ms = null
	sasl.login.read.timeout.ms = null
	sasl.login.refresh.buffer.seconds = 300
	sasl.login.refresh.min.period.seconds = 60
	sasl.login.refresh.window.factor = 0.8
	sasl.login.refresh.window.jitter = 0.05
	sasl.login.retry.backoff.max.ms = 10000
	sasl.login.retry.backoff.ms = 100
	sasl.mechanism = GSSAPI
	sasl.oauthbearer.clock.skew.seconds = 30
	sasl.oauthbearer.expected.audience = null
	sasl.oauthbearer.expected.issuer = null
	sasl.oauthbearer.header.urlencode = false
	sasl.oauthbearer.jwks.endpoint.refresh.ms = 3600000
	sasl.oauthbearer.jwks.endpoint.retry.backoff.max.ms = 10000
	sasl.oauthbearer.jwks.endpoint.retry.backoff.ms = 100
	sasl.oauthbearer.jwks.endpoint.url = null
	sasl.oauthbearer.scope.claim.name = scope
	sasl.oauthbearer.sub.claim.name = sub
	sasl.oauthbearer.token.endpoint.url = null
	security.protocol = PLAINTEXT
	security.providers = null
	send.buffer.bytes = 131072
	socket.connection.setup.timeout.max.ms = 30000
	socket.connection.setup.timeout.ms = 10000
	ssl.cipher.suites = null
	ssl.enabled.protocols = [TLSv1.2, TLSv1.3]
	ssl.endpoint.identification.algorithm = https
	ssl.engine.factory.class = null
	ssl.key.password = null
	ssl.keymanager.algorithm = SunX509
	ssl.keystore.certificate.chain = null
	ssl.keystore.key = null
	ssl.keystore.location = null
	ssl.keystore.password = null
	ssl.keystore.type = JKS
	ssl.protocol = TLSv1.3
	ssl.provider = null
	ssl.secure.random.implementation = null
	ssl.trustmanager.algorithm = PKIX
	ssl.truststore.certificates = null
	ssl.truststore.location = null
	ssl.truststore.password = null
	ssl.truststore.type = JKS
	transaction.timeout.ms = 60000
	transactional.id = null
	value.serializer = class io.confluent.kafka.serializers.KafkaAvroSerializer

2025-12-09T15:22:02.139+01:00  INFO 40386 --- [fdk-harvest-admin-service] [           main] o.a.k.c.t.i.KafkaMetricsCollector        : initializing Kafka metrics collector
2025-12-09T15:22:02.141+01:00  INFO 40386 --- [fdk-harvest-admin-service] [           main] i.c.k.s.KafkaAvroSerializerConfig        : KafkaAvroSerializerConfig values: 
	auto.register.schemas = true
	avro.reflection.allow.null = false
	avro.remove.java.properties = false
	avro.use.logical.type.converters = false
	basic.auth.credentials.source = URL
	basic.auth.user.info = [hidden]
	bearer.auth.cache.expiry.buffer.seconds = 300
	bearer.auth.client.id = null
	bearer.auth.client.secret = null
	bearer.auth.credentials.source = STATIC_TOKEN
	bearer.auth.custom.provider.class = null
	bearer.auth.identity.pool.id = null
	bearer.auth.issuer.endpoint.url = null
	bearer.auth.logical.cluster = null
	bearer.auth.scope = null
	bearer.auth.scope.claim.name = scope
	bearer.auth.sub.claim.name = sub
	bearer.auth.token = [hidden]
	context.name.strategy = class io.confluent.kafka.serializers.context.NullContextNameStrategy
	http.connect.timeout.ms = 60000
	http.read.timeout.ms = 60000
	id.compatibility.strict = true
	key.schema.id.deserializer = class io.confluent.kafka.serializers.schema.id.DualSchemaIdDeserializer
	key.schema.id.serializer = class io.confluent.kafka.serializers.schema.id.PrefixSchemaIdSerializer
	key.subject.name.strategy = class io.confluent.kafka.serializers.subject.TopicNameStrategy
	latest.cache.size = 1000
	latest.cache.ttl.sec = -1
	latest.compatibility.strict = true
	max.retries = 3
	max.schemas.per.subject = 1000
	normalize.schemas = false
	propagate.schema.tags = false
	proxy.host = 
	proxy.port = -1
	retries.max.wait.ms = 20000
	retries.wait.ms = 1000
	rule.actions = []
	rule.executors = []
	rule.service.loader.enable = true
	schema.format = null
	schema.reflection = false
	schema.registry.basic.auth.user.info = [hidden]
	schema.registry.ssl.cipher.suites = null
	schema.registry.ssl.enabled.protocols = [TLSv1.2, TLSv1.3]
	schema.registry.ssl.endpoint.identification.algorithm = https
	schema.registry.ssl.engine.factory.class = null
	schema.registry.ssl.key.password = null
	schema.registry.ssl.keymanager.algorithm = SunX509
	schema.registry.ssl.keystore.certificate.chain = null
	schema.registry.ssl.keystore.key = null
	schema.registry.ssl.keystore.location = null
	schema.registry.ssl.keystore.password = null
	schema.registry.ssl.keystore.type = JKS
	schema.registry.ssl.protocol = TLSv1.3
	schema.registry.ssl.provider = null
	schema.registry.ssl.secure.random.implementation = null
	schema.registry.ssl.trustmanager.algorithm = PKIX
	schema.registry.ssl.truststore.certificates = null
	schema.registry.ssl.truststore.location = null
	schema.registry.ssl.truststore.password = null
	schema.registry.ssl.truststore.type = JKS
	schema.registry.url = [http://localhost:46153]
	schema.registry.url.randomize = false
	use.latest.version = true
	use.latest.with.metadata = null
	use.schema.id = -1
	value.schema.id.deserializer = class io.confluent.kafka.serializers.schema.id.DualSchemaIdDeserializer
	value.schema.id.serializer = class io.confluent.kafka.serializers.schema.id.PrefixSchemaIdSerializer
	value.subject.name.strategy = class io.confluent.kafka.serializers.subject.TopicNameStrategy

2025-12-09T15:22:02.146+01:00  INFO 40386 --- [fdk-harvest-admin-service] [           main] o.a.k.clients.producer.KafkaProducer     : [Producer clientId=fdk-harvest-admin-service-producer-1] Instantiated an idempotent producer.
2025-12-09T15:22:02.161+01:00  INFO 40386 --- [fdk-harvest-admin-service] [           main] o.a.k.clients.producer.ProducerConfig    : These configurations '[schema.registry.url, auto.register.schemas, use.latest.version]' were supplied but are not used yet.
2025-12-09T15:22:02.162+01:00  INFO 40386 --- [fdk-harvest-admin-service] [           main] o.a.kafka.common.utils.AppInfoParser     : Kafka version: 3.9.1
2025-12-09T15:22:02.162+01:00  INFO 40386 --- [fdk-harvest-admin-service] [           main] o.a.kafka.common.utils.AppInfoParser     : Kafka commitId: f745dfdcee2b9851
2025-12-09T15:22:02.162+01:00  INFO 40386 --- [fdk-harvest-admin-service] [           main] o.a.kafka.common.utils.AppInfoParser     : Kafka startTimeMs: 1765290122162
2025-12-09T15:22:02.163+01:00 DEBUG 40386 --- [fdk-harvest-admin-service] [           main] o.s.k.core.DefaultKafkaProducerFactory   : Created new Producer: CloseSafeProducer [delegate=org.apache.kafka.clients.producer.KafkaProducer@3077ee5]
2025-12-09T15:22:02.169+01:00  INFO 40386 --- [fdk-harvest-admin-service] [vice-producer-1] org.apache.kafka.clients.Metadata        : [Producer clientId=fdk-harvest-admin-service-producer-1] Cluster ID: eJGnUcQZRAKVcH1I_8PCWA
2025-12-09T15:22:02.187+01:00  INFO 40386 --- [fdk-harvest-admin-service] [vice-producer-1] o.a.k.c.p.internals.TransactionManager   : [Producer clientId=fdk-harvest-admin-service-producer-1] ProducerId set to 0 with epoch 0
2025-12-09T15:22:02.317+01:00  INFO 40386 --- [fdk-harvest-admin-service] [           main] n.f.h.kafka.KafkaHarvestEventPublisher   : Published harvest event to Kafka - phase: INITIATING, dataSourceId: a4aaf571-e715-44d1-a4e7-e69ca8d37a91, topic: harvest-events
2025-12-09T15:22:02.317+01:00  INFO 40386 --- [fdk-harvest-admin-service] [           main] n.f.h.kafka.KafkaHarvestEventPublisher   : Published harvest event to Kafka - phase: HARVESTING, dataSourceId: a4aaf571-e715-44d1-a4e7-e69ca8d37a91, topic: harvest-events
2025-12-09T15:22:02.317+01:00  INFO 40386 --- [fdk-harvest-admin-service] [           main] n.f.h.kafka.KafkaHarvestEventPublisher   : Published harvest event to Kafka - phase: REASONING, dataSourceId: a4aaf571-e715-44d1-a4e7-e69ca8d37a91, topic: harvest-events
✅ Published 3 harvest events to Kafka
2025-12-09T15:22:02.357+01:00 DEBUG 40386 --- [fdk-harvest-admin-service] [ntainer#0-0-C-1] o.s.k.l.KafkaMessageListenerContainer    : Received: 3 records
2025-12-09T15:22:02.358+01:00 DEBUG 40386 --- [fdk-harvest-admin-service] [ntainer#0-0-C-1] .a.RecordMessagingMessageListenerAdapter : Processing [GenericMessage [payload=org.springframework.kafka.support.KafkaNull@356097db, headers={id=c86aa2e2-695c-974a-a671-7b92cbb11407, timestamp=1765290121668}]]
2025-12-09T15:22:02.359+01:00 DEBUG 40386 --- [fdk-harvest-admin-service] [ntainer#0-0-C-1] n.f.h.kafka.KafkaHarvestEventConsumer    : Received harvest event - offset: 0, partition: 0
2025-12-09T15:22:02.363+01:00 DEBUG 40386 --- [fdk-harvest-admin-service] [ntainer#0-0-C-1] n.f.h.service.HarvestEventProcessor      : Skipping INITIATING event (persisted directly)
2025-12-09T15:22:02.364+01:00 DEBUG 40386 --- [fdk-harvest-admin-service] [ntainer#0-0-C-1] o.s.k.l.KafkaMessageListenerContainer    : Committing: {harvest-events-0=OffsetAndMetadata{offset=1, leaderEpoch=null, metadata=''}}
2025-12-09T15:22:02.372+01:00 DEBUG 40386 --- [fdk-harvest-admin-service] [ntainer#0-0-C-1] .a.RecordMessagingMessageListenerAdapter : Processing [GenericMessage [payload=org.springframework.kafka.support.KafkaNull@356097db, headers={id=c86aa2e2-695c-974a-a671-7b92cbb11407, timestamp=1765290121668}]]
2025-12-09T15:22:02.372+01:00 DEBUG 40386 --- [fdk-harvest-admin-service] [ntainer#0-0-C-1] n.f.h.kafka.KafkaHarvestEventConsumer    : Received harvest event - offset: 1, partition: 0
2025-12-09T15:22:02.410+01:00 DEBUG 40386 --- [fdk-harvest-admin-service] [ntainer#0-0-C-1] org.hibernate.SQL                        : 
    select
        hre1_0.id,
        hre1_0.ai_search_processing_duration_ms,
        hre1_0.api_processing_duration_ms,
        hre1_0.changed_resources_count,
        hre1_0.created_at,
        hre1_0.current_phase,
        hre1_0.data_source_id,
        hre1_0.data_type,
        hre1_0.error_message,
        hre1_0.harvest_duration_ms,
        hre1_0.init_duration_ms,
        hre1_0.last_event_timestamp,
        hre1_0.phase_started_at,
        hre1_0.processed_resources,
        hre1_0.rdf_parsing_duration_ms,
        hre1_0.reasoning_duration_ms,
        hre1_0.remaining_resources,
        hre1_0.removed_resources_count,
        hre1_0.run_ended_at,
        hre1_0.run_id,
        hre1_0.run_started_at,
        hre1_0.search_processing_duration_ms,
        hre1_0.sparql_processing_duration_ms,
        hre1_0.status,
        hre1_0.total_duration_ms,
        hre1_0.total_resources,
        hre1_0.unchanged_resources_count,
        hre1_0.updated_at 
    from
        harvest_runs hre1_0 
    where
        hre1_0.run_id=?
Hibernate: 
    select
        hre1_0.id,
        hre1_0.ai_search_processing_duration_ms,
        hre1_0.api_processing_duration_ms,
        hre1_0.changed_resources_count,
        hre1_0.created_at,
        hre1_0.current_phase,
        hre1_0.data_source_id,
        hre1_0.data_type,
        hre1_0.error_message,
        hre1_0.harvest_duration_ms,
        hre1_0.init_duration_ms,
        hre1_0.last_event_timestamp,
        hre1_0.phase_started_at,
        hre1_0.processed_resources,
        hre1_0.rdf_parsing_duration_ms,
        hre1_0.reasoning_duration_ms,
        hre1_0.remaining_resources,
        hre1_0.removed_resources_count,
        hre1_0.run_ended_at,
        hre1_0.run_id,
        hre1_0.run_started_at,
        hre1_0.search_processing_duration_ms,
        hre1_0.sparql_processing_duration_ms,
        hre1_0.status,
        hre1_0.total_duration_ms,
        hre1_0.total_resources,
        hre1_0.unchanged_resources_count,
        hre1_0.updated_at 
    from
        harvest_runs hre1_0 
    where
        hre1_0.run_id=?
2025-12-09T15:22:02.436+01:00 DEBUG 40386 --- [fdk-harvest-admin-service] [ntainer#0-0-C-1] org.hibernate.SQL                        : 
    select
        hre1_0.id,
        hre1_0.ai_search_processing_duration_ms,
        hre1_0.api_processing_duration_ms,
        hre1_0.changed_resources_count,
        hre1_0.created_at,
        hre1_0.current_phase,
        hre1_0.data_source_id,
        hre1_0.data_type,
        hre1_0.error_message,
        hre1_0.harvest_duration_ms,
        hre1_0.init_duration_ms,
        hre1_0.last_event_timestamp,
        hre1_0.phase_started_at,
        hre1_0.processed_resources,
        hre1_0.rdf_parsing_duration_ms,
        hre1_0.reasoning_duration_ms,
        hre1_0.remaining_resources,
        hre1_0.removed_resources_count,
        hre1_0.run_ended_at,
        hre1_0.run_id,
        hre1_0.run_started_at,
        hre1_0.search_processing_duration_ms,
        hre1_0.sparql_processing_duration_ms,
        hre1_0.status,
        hre1_0.total_duration_ms,
        hre1_0.total_resources,
        hre1_0.unchanged_resources_count,
        hre1_0.updated_at 
    from
        harvest_runs hre1_0 
    where
        hre1_0.data_source_id=? 
        and hre1_0.data_type=? 
        and hre1_0.status='IN_PROGRESS' 
    order by
        hre1_0.run_started_at desc
Hibernate: 
    select
        hre1_0.id,
        hre1_0.ai_search_processing_duration_ms,
        hre1_0.api_processing_duration_ms,
        hre1_0.changed_resources_count,
        hre1_0.created_at,
        hre1_0.current_phase,
        hre1_0.data_source_id,
        hre1_0.data_type,
        hre1_0.error_message,
        hre1_0.harvest_duration_ms,
        hre1_0.init_duration_ms,
        hre1_0.last_event_timestamp,
        hre1_0.phase_started_at,
        hre1_0.processed_resources,
        hre1_0.rdf_parsing_duration_ms,
        hre1_0.reasoning_duration_ms,
        hre1_0.remaining_resources,
        hre1_0.removed_resources_count,
        hre1_0.run_ended_at,
        hre1_0.run_id,
        hre1_0.run_started_at,
        hre1_0.search_processing_duration_ms,
        hre1_0.sparql_processing_duration_ms,
        hre1_0.status,
        hre1_0.total_duration_ms,
        hre1_0.total_resources,
        hre1_0.unchanged_resources_count,
        hre1_0.updated_at 
    from
        harvest_runs hre1_0 
    where
        hre1_0.data_source_id=? 
        and hre1_0.data_type=? 
        and hre1_0.status='IN_PROGRESS' 
    order by
        hre1_0.run_started_at desc
2025-12-09T15:22:02.450+01:00 DEBUG 40386 --- [fdk-harvest-admin-service] [ntainer#0-0-C-1] org.hibernate.SQL                        : 
    insert 
    into
        harvest_progress_events
        (accept_header, changed_resources_count, created_at, data_source_id, data_source_url, data_type, end_time, error_message, event_type, fdk_id, removed_resources_count, resource_uri, harvest_run_id, start_time, timestamp, unchanged_resources_count) 
    values
        (?, ?, ?, ?, ?, ?, ?, ?, ?, ?, ?, ?, ?, ?, ?, ?)
Hibernate: 
    insert 
    into
        harvest_progress_events
        (accept_header, changed_resources_count, created_at, data_source_id, data_source_url, data_type, end_time, error_message, event_type, fdk_id, removed_resources_count, resource_uri, harvest_run_id, start_time, timestamp, unchanged_resources_count) 
    values
        (?, ?, ?, ?, ?, ?, ?, ?, ?, ?, ?, ?, ?, ?, ?, ?)
2025-12-09T15:22:02.461+01:00 DEBUG 40386 --- [fdk-harvest-admin-service] [ntainer#0-0-C-1] org.hibernate.SQL                        : 
    select
        hre1_0.id,
        hre1_0.ai_search_processing_duration_ms,
        hre1_0.api_processing_duration_ms,
        hre1_0.changed_resources_count,
        hre1_0.created_at,
        hre1_0.current_phase,
        hre1_0.data_source_id,
        hre1_0.data_type,
        hre1_0.error_message,
        hre1_0.harvest_duration_ms,
        hre1_0.init_duration_ms,
        hre1_0.last_event_timestamp,
        hre1_0.phase_started_at,
        hre1_0.processed_resources,
        hre1_0.rdf_parsing_duration_ms,
        hre1_0.reasoning_duration_ms,
        hre1_0.remaining_resources,
        hre1_0.removed_resources_count,
        hre1_0.run_ended_at,
        hre1_0.run_id,
        hre1_0.run_started_at,
        hre1_0.search_processing_duration_ms,
        hre1_0.sparql_processing_duration_ms,
        hre1_0.status,
        hre1_0.total_duration_ms,
        hre1_0.total_resources,
        hre1_0.unchanged_resources_count,
        hre1_0.updated_at 
    from
        harvest_runs hre1_0 
    where
        hre1_0.run_id=?
Hibernate: 
    select
        hre1_0.id,
        hre1_0.ai_search_processing_duration_ms,
        hre1_0.api_processing_duration_ms,
        hre1_0.changed_resources_count,
        hre1_0.created_at,
        hre1_0.current_phase,
        hre1_0.data_source_id,
        hre1_0.data_type,
        hre1_0.error_message,
        hre1_0.harvest_duration_ms,
        hre1_0.init_duration_ms,
        hre1_0.last_event_timestamp,
        hre1_0.phase_started_at,
        hre1_0.processed_resources,
        hre1_0.rdf_parsing_duration_ms,
        hre1_0.reasoning_duration_ms,
        hre1_0.remaining_resources,
        hre1_0.removed_resources_count,
        hre1_0.run_ended_at,
        hre1_0.run_id,
        hre1_0.run_started_at,
        hre1_0.search_processing_duration_ms,
        hre1_0.sparql_processing_duration_ms,
        hre1_0.status,
        hre1_0.total_duration_ms,
        hre1_0.total_resources,
        hre1_0.unchanged_resources_count,
        hre1_0.updated_at 
    from
        harvest_runs hre1_0 
    where
        hre1_0.run_id=?
2025-12-09T15:22:02.463+01:00 DEBUG 40386 --- [fdk-harvest-admin-service] [ntainer#0-0-C-1] org.hibernate.SQL                        : 
    select
        hre1_0.id,
        hre1_0.ai_search_processing_duration_ms,
        hre1_0.api_processing_duration_ms,
        hre1_0.changed_resources_count,
        hre1_0.created_at,
        hre1_0.current_phase,
        hre1_0.data_source_id,
        hre1_0.data_type,
        hre1_0.error_message,
        hre1_0.harvest_duration_ms,
        hre1_0.init_duration_ms,
        hre1_0.last_event_timestamp,
        hre1_0.phase_started_at,
        hre1_0.processed_resources,
        hre1_0.rdf_parsing_duration_ms,
        hre1_0.reasoning_duration_ms,
        hre1_0.remaining_resources,
        hre1_0.removed_resources_count,
        hre1_0.run_ended_at,
        hre1_0.run_id,
        hre1_0.run_started_at,
        hre1_0.search_processing_duration_ms,
        hre1_0.sparql_processing_duration_ms,
        hre1_0.status,
        hre1_0.total_duration_ms,
        hre1_0.total_resources,
        hre1_0.unchanged_resources_count,
        hre1_0.updated_at 
    from
        harvest_runs hre1_0 
    where
        hre1_0.data_source_id=? 
        and hre1_0.data_type=? 
        and hre1_0.status='IN_PROGRESS' 
    order by
        hre1_0.run_started_at desc
Hibernate: 
    select
        hre1_0.id,
        hre1_0.ai_search_processing_duration_ms,
        hre1_0.api_processing_duration_ms,
        hre1_0.changed_resources_count,
        hre1_0.created_at,
        hre1_0.current_phase,
        hre1_0.data_source_id,
        hre1_0.data_type,
        hre1_0.error_message,
        hre1_0.harvest_duration_ms,
        hre1_0.init_duration_ms,
        hre1_0.last_event_timestamp,
        hre1_0.phase_started_at,
        hre1_0.processed_resources,
        hre1_0.rdf_parsing_duration_ms,
        hre1_0.reasoning_duration_ms,
        hre1_0.remaining_resources,
        hre1_0.removed_resources_count,
        hre1_0.run_ended_at,
        hre1_0.run_id,
        hre1_0.run_started_at,
        hre1_0.search_processing_duration_ms,
        hre1_0.sparql_processing_duration_ms,
        hre1_0.status,
        hre1_0.total_duration_ms,
        hre1_0.total_resources,
        hre1_0.unchanged_resources_count,
        hre1_0.updated_at 
    from
        harvest_runs hre1_0 
    where
        hre1_0.data_source_id=? 
        and hre1_0.data_type=? 
        and hre1_0.status='IN_PROGRESS' 
    order by
        hre1_0.run_started_at desc
2025-12-09T15:22:02.464+01:00 DEBUG 40386 --- [fdk-harvest-admin-service] [ntainer#0-0-C-1] n.f.h.service.HarvestRunService          : Persisted harvest event: phase=HARVESTING, dataSourceId=a4aaf571-e715-44d1-a4e7-e69ca8d37a91, fdkId=null
2025-12-09T15:22:02.465+01:00 DEBUG 40386 --- [fdk-harvest-admin-service] [ntainer#0-0-C-1] n.f.h.service.HarvestEventProcessor      : Successfully processed harvest event: phase=HARVESTING, dataSourceId=a4aaf571-e715-44d1-a4e7-e69ca8d37a91
2025-12-09T15:22:02.466+01:00 DEBUG 40386 --- [fdk-harvest-admin-service] [ntainer#0-0-C-1] o.s.k.l.KafkaMessageListenerContainer    : Committing: {harvest-events-0=OffsetAndMetadata{offset=2, leaderEpoch=null, metadata=''}}
2025-12-09T15:22:02.468+01:00 DEBUG 40386 --- [fdk-harvest-admin-service] [ntainer#0-0-C-1] .a.RecordMessagingMessageListenerAdapter : Processing [GenericMessage [payload=org.springframework.kafka.support.KafkaNull@356097db, headers={id=c86aa2e2-695c-974a-a671-7b92cbb11407, timestamp=1765290121668}]]
2025-12-09T15:22:02.468+01:00 DEBUG 40386 --- [fdk-harvest-admin-service] [ntainer#0-0-C-1] n.f.h.kafka.KafkaHarvestEventConsumer    : Received harvest event - offset: 2, partition: 0
2025-12-09T15:22:02.469+01:00 DEBUG 40386 --- [fdk-harvest-admin-service] [ntainer#0-0-C-1] org.hibernate.SQL                        : 
    select
        hre1_0.id,
        hre1_0.ai_search_processing_duration_ms,
        hre1_0.api_processing_duration_ms,
        hre1_0.changed_resources_count,
        hre1_0.created_at,
        hre1_0.current_phase,
        hre1_0.data_source_id,
        hre1_0.data_type,
        hre1_0.error_message,
        hre1_0.harvest_duration_ms,
        hre1_0.init_duration_ms,
        hre1_0.last_event_timestamp,
        hre1_0.phase_started_at,
        hre1_0.processed_resources,
        hre1_0.rdf_parsing_duration_ms,
        hre1_0.reasoning_duration_ms,
        hre1_0.remaining_resources,
        hre1_0.removed_resources_count,
        hre1_0.run_ended_at,
        hre1_0.run_id,
        hre1_0.run_started_at,
        hre1_0.search_processing_duration_ms,
        hre1_0.sparql_processing_duration_ms,
        hre1_0.status,
        hre1_0.total_duration_ms,
        hre1_0.total_resources,
        hre1_0.unchanged_resources_count,
        hre1_0.updated_at 
    from
        harvest_runs hre1_0 
    where
        hre1_0.run_id=?
Hibernate: 
    select
        hre1_0.id,
        hre1_0.ai_search_processing_duration_ms,
        hre1_0.api_processing_duration_ms,
        hre1_0.changed_resources_count,
        hre1_0.created_at,
        hre1_0.current_phase,
        hre1_0.data_source_id,
        hre1_0.data_type,
        hre1_0.error_message,
        hre1_0.harvest_duration_ms,
        hre1_0.init_duration_ms,
        hre1_0.last_event_timestamp,
        hre1_0.phase_started_at,
        hre1_0.processed_resources,
        hre1_0.rdf_parsing_duration_ms,
        hre1_0.reasoning_duration_ms,
        hre1_0.remaining_resources,
        hre1_0.removed_resources_count,
        hre1_0.run_ended_at,
        hre1_0.run_id,
        hre1_0.run_started_at,
        hre1_0.search_processing_duration_ms,
        hre1_0.sparql_processing_duration_ms,
        hre1_0.status,
        hre1_0.total_duration_ms,
        hre1_0.total_resources,
        hre1_0.unchanged_resources_count,
        hre1_0.updated_at 
    from
        harvest_runs hre1_0 
    where
        hre1_0.run_id=?
2025-12-09T15:22:02.470+01:00 DEBUG 40386 --- [fdk-harvest-admin-service] [ntainer#0-0-C-1] org.hibernate.SQL                        : 
    select
        hre1_0.id,
        hre1_0.ai_search_processing_duration_ms,
        hre1_0.api_processing_duration_ms,
        hre1_0.changed_resources_count,
        hre1_0.created_at,
        hre1_0.current_phase,
        hre1_0.data_source_id,
        hre1_0.data_type,
        hre1_0.error_message,
        hre1_0.harvest_duration_ms,
        hre1_0.init_duration_ms,
        hre1_0.last_event_timestamp,
        hre1_0.phase_started_at,
        hre1_0.processed_resources,
        hre1_0.rdf_parsing_duration_ms,
        hre1_0.reasoning_duration_ms,
        hre1_0.remaining_resources,
        hre1_0.removed_resources_count,
        hre1_0.run_ended_at,
        hre1_0.run_id,
        hre1_0.run_started_at,
        hre1_0.search_processing_duration_ms,
        hre1_0.sparql_processing_duration_ms,
        hre1_0.status,
        hre1_0.total_duration_ms,
        hre1_0.total_resources,
        hre1_0.unchanged_resources_count,
        hre1_0.updated_at 
    from
        harvest_runs hre1_0 
    where
        hre1_0.data_source_id=? 
        and hre1_0.data_type=? 
        and hre1_0.status='IN_PROGRESS' 
    order by
        hre1_0.run_started_at desc
Hibernate: 
    select
        hre1_0.id,
        hre1_0.ai_search_processing_duration_ms,
        hre1_0.api_processing_duration_ms,
        hre1_0.changed_resources_count,
        hre1_0.created_at,
        hre1_0.current_phase,
        hre1_0.data_source_id,
        hre1_0.data_type,
        hre1_0.error_message,
        hre1_0.harvest_duration_ms,
        hre1_0.init_duration_ms,
        hre1_0.last_event_timestamp,
        hre1_0.phase_started_at,
        hre1_0.processed_resources,
        hre1_0.rdf_parsing_duration_ms,
        hre1_0.reasoning_duration_ms,
        hre1_0.remaining_resources,
        hre1_0.removed_resources_count,
        hre1_0.run_ended_at,
        hre1_0.run_id,
        hre1_0.run_started_at,
        hre1_0.search_processing_duration_ms,
        hre1_0.sparql_processing_duration_ms,
        hre1_0.status,
        hre1_0.total_duration_ms,
        hre1_0.total_resources,
        hre1_0.unchanged_resources_count,
        hre1_0.updated_at 
    from
        harvest_runs hre1_0 
    where
        hre1_0.data_source_id=? 
        and hre1_0.data_type=? 
        and hre1_0.status='IN_PROGRESS' 
    order by
        hre1_0.run_started_at desc
2025-12-09T15:22:02.471+01:00 DEBUG 40386 --- [fdk-harvest-admin-service] [ntainer#0-0-C-1] org.hibernate.SQL                        : 
    insert 
    into
        harvest_progress_events
        (accept_header, changed_resources_count, created_at, data_source_id, data_source_url, data_type, end_time, error_message, event_type, fdk_id, removed_resources_count, resource_uri, harvest_run_id, start_time, timestamp, unchanged_resources_count) 
    values
        (?, ?, ?, ?, ?, ?, ?, ?, ?, ?, ?, ?, ?, ?, ?, ?)
Hibernate: 
    insert 
    into
        harvest_progress_events
        (accept_header, changed_resources_count, created_at, data_source_id, data_source_url, data_type, end_time, error_message, event_type, fdk_id, removed_resources_count, resource_uri, harvest_run_id, start_time, timestamp, unchanged_resources_count) 
    values
        (?, ?, ?, ?, ?, ?, ?, ?, ?, ?, ?, ?, ?, ?, ?, ?)
2025-12-09T15:22:02.473+01:00 DEBUG 40386 --- [fdk-harvest-admin-service] [ntainer#0-0-C-1] org.hibernate.SQL                        : 
    select
        hre1_0.id,
        hre1_0.ai_search_processing_duration_ms,
        hre1_0.api_processing_duration_ms,
        hre1_0.changed_resources_count,
        hre1_0.created_at,
        hre1_0.current_phase,
        hre1_0.data_source_id,
        hre1_0.data_type,
        hre1_0.error_message,
        hre1_0.harvest_duration_ms,
        hre1_0.init_duration_ms,
        hre1_0.last_event_timestamp,
        hre1_0.phase_started_at,
        hre1_0.processed_resources,
        hre1_0.rdf_parsing_duration_ms,
        hre1_0.reasoning_duration_ms,
        hre1_0.remaining_resources,
        hre1_0.removed_resources_count,
        hre1_0.run_ended_at,
        hre1_0.run_id,
        hre1_0.run_started_at,
        hre1_0.search_processing_duration_ms,
        hre1_0.sparql_processing_duration_ms,
        hre1_0.status,
        hre1_0.total_duration_ms,
        hre1_0.total_resources,
        hre1_0.unchanged_resources_count,
        hre1_0.updated_at 
    from
        harvest_runs hre1_0 
    where
        hre1_0.run_id=?
Hibernate: 
    select
        hre1_0.id,
        hre1_0.ai_search_processing_duration_ms,
        hre1_0.api_processing_duration_ms,
        hre1_0.changed_resources_count,
        hre1_0.created_at,
        hre1_0.current_phase,
        hre1_0.data_source_id,
        hre1_0.data_type,
        hre1_0.error_message,
        hre1_0.harvest_duration_ms,
        hre1_0.init_duration_ms,
        hre1_0.last_event_timestamp,
        hre1_0.phase_started_at,
        hre1_0.processed_resources,
        hre1_0.rdf_parsing_duration_ms,
        hre1_0.reasoning_duration_ms,
        hre1_0.remaining_resources,
        hre1_0.removed_resources_count,
        hre1_0.run_ended_at,
        hre1_0.run_id,
        hre1_0.run_started_at,
        hre1_0.search_processing_duration_ms,
        hre1_0.sparql_processing_duration_ms,
        hre1_0.status,
        hre1_0.total_duration_ms,
        hre1_0.total_resources,
        hre1_0.unchanged_resources_count,
        hre1_0.updated_at 
    from
        harvest_runs hre1_0 
    where
        hre1_0.run_id=?
2025-12-09T15:22:02.474+01:00 DEBUG 40386 --- [fdk-harvest-admin-service] [ntainer#0-0-C-1] org.hibernate.SQL                        : 
    select
        hre1_0.id,
        hre1_0.ai_search_processing_duration_ms,
        hre1_0.api_processing_duration_ms,
        hre1_0.changed_resources_count,
        hre1_0.created_at,
        hre1_0.current_phase,
        hre1_0.data_source_id,
        hre1_0.data_type,
        hre1_0.error_message,
        hre1_0.harvest_duration_ms,
        hre1_0.init_duration_ms,
        hre1_0.last_event_timestamp,
        hre1_0.phase_started_at,
        hre1_0.processed_resources,
        hre1_0.rdf_parsing_duration_ms,
        hre1_0.reasoning_duration_ms,
        hre1_0.remaining_resources,
        hre1_0.removed_resources_count,
        hre1_0.run_ended_at,
        hre1_0.run_id,
        hre1_0.run_started_at,
        hre1_0.search_processing_duration_ms,
        hre1_0.sparql_processing_duration_ms,
        hre1_0.status,
        hre1_0.total_duration_ms,
        hre1_0.total_resources,
        hre1_0.unchanged_resources_count,
        hre1_0.updated_at 
    from
        harvest_runs hre1_0 
    where
        hre1_0.data_source_id=? 
        and hre1_0.data_type=? 
        and hre1_0.status='IN_PROGRESS' 
    order by
        hre1_0.run_started_at desc
Hibernate: 
    select
        hre1_0.id,
        hre1_0.ai_search_processing_duration_ms,
        hre1_0.api_processing_duration_ms,
        hre1_0.changed_resources_count,
        hre1_0.created_at,
        hre1_0.current_phase,
        hre1_0.data_source_id,
        hre1_0.data_type,
        hre1_0.error_message,
        hre1_0.harvest_duration_ms,
        hre1_0.init_duration_ms,
        hre1_0.last_event_timestamp,
        hre1_0.phase_started_at,
        hre1_0.processed_resources,
        hre1_0.rdf_parsing_duration_ms,
        hre1_0.reasoning_duration_ms,
        hre1_0.remaining_resources,
        hre1_0.removed_resources_count,
        hre1_0.run_ended_at,
        hre1_0.run_id,
        hre1_0.run_started_at,
        hre1_0.search_processing_duration_ms,
        hre1_0.sparql_processing_duration_ms,
        hre1_0.status,
        hre1_0.total_duration_ms,
        hre1_0.total_resources,
        hre1_0.unchanged_resources_count,
        hre1_0.updated_at 
    from
        harvest_runs hre1_0 
    where
        hre1_0.data_source_id=? 
        and hre1_0.data_type=? 
        and hre1_0.status='IN_PROGRESS' 
    order by
        hre1_0.run_started_at desc
2025-12-09T15:22:02.475+01:00 DEBUG 40386 --- [fdk-harvest-admin-service] [ntainer#0-0-C-1] n.f.h.service.HarvestRunService          : Persisted harvest event: phase=REASONING, dataSourceId=a4aaf571-e715-44d1-a4e7-e69ca8d37a91, fdkId=null
2025-12-09T15:22:02.476+01:00 DEBUG 40386 --- [fdk-harvest-admin-service] [ntainer#0-0-C-1] n.f.h.service.HarvestEventProcessor      : Successfully processed harvest event: phase=REASONING, dataSourceId=a4aaf571-e715-44d1-a4e7-e69ca8d37a91
2025-12-09T15:22:02.476+01:00 DEBUG 40386 --- [fdk-harvest-admin-service] [ntainer#0-0-C-1] o.s.k.l.KafkaMessageListenerContainer    : Committing: {harvest-events-0=OffsetAndMetadata{offset=3, leaderEpoch=null, metadata=''}}
2025-12-09T15:22:07.324+01:00 DEBUG 40386 --- [fdk-harvest-admin-service] [           main] org.hibernate.SQL                        : 
    select
        hee1_0.id,
        hee1_0.accept_header,
        hee1_0.changed_resources_count,
        hee1_0.created_at,
        hee1_0.data_source_id,
        hee1_0.data_source_url,
        hee1_0.data_type,
        hee1_0.end_time,
        hee1_0.error_message,
        hee1_0.event_type,
        hee1_0.fdk_id,
        hee1_0.removed_resources_count,
        hee1_0.resource_uri,
        hee1_0.harvest_run_id,
        hee1_0.start_time,
        hee1_0.timestamp,
        hee1_0.unchanged_resources_count 
    from
        harvest_progress_events hee1_0 
    where
        hee1_0.data_source_id=? 
    order by
        hee1_0.timestamp desc
Hibernate: 
    select
        hee1_0.id,
        hee1_0.accept_header,
        hee1_0.changed_resources_count,
        hee1_0.created_at,
        hee1_0.data_source_id,
        hee1_0.data_source_url,
        hee1_0.data_type,
        hee1_0.end_time,
        hee1_0.error_message,
        hee1_0.event_type,
        hee1_0.fdk_id,
        hee1_0.removed_resources_count,
        hee1_0.resource_uri,
        hee1_0.harvest_run_id,
        hee1_0.start_time,
        hee1_0.timestamp,
        hee1_0.unchanged_resources_count 
    from
        harvest_progress_events hee1_0 
    where
        hee1_0.data_source_id=? 
    order by
        hee1_0.timestamp desc
✅ All harvest events successfully persisted to database
]]></system-out>
    <system-err><![CDATA[Mockito is currently self-attaching to enable the inline-mock-maker. This will no longer work in future releases of the JDK. Please add Mockito as an agent to your build as described in Mockito's documentation: https://javadoc.io/doc/org.mockito/mockito-core/latest/org.mockito/org/mockito/Mockito.html#0.3
WARNING: A Java agent has been loaded dynamically (/Users/jeffreiffers/.m2/repository/net/bytebuddy/byte-buddy-agent/1.17.7/byte-buddy-agent-1.17.7.jar)
WARNING: If a serviceability tool is in use, please run with -XX:+EnableDynamicAgentLoading to hide this warning
WARNING: If a serviceability tool is not in use, please run with -Djdk.instrument.traceUsage for more information
WARNING: Dynamic loading of agents will be disallowed by default in a future release
]]></system-err>
  </testcase>
</testsuite>