<?xml version="1.0" encoding="UTF-8"?>
<testsuite xmlns:xsi="http://www.w3.org/2001/XMLSchema-instance" xsi:noNamespaceSchemaLocation="https://maven.apache.org/surefire/maven-failsafe-plugin/xsd/failsafe-test-report.xsd" version="3.0.2" name="no.fdk.harvestadmin.integration.KafkaIntegrationTest" time="29.741" tests="6" errors="0" skipped="0" failures="1">
  <properties>
[...]
</properties>
  <testcase name="should handle harvest event with resource counts" classname="no.fdk.harvestadmin.integration.KafkaIntegrationTest" time="3.566">
    <system-out><![CDATA[15:15:50.527 [main] INFO org.springframework.test.context.support.AnnotationConfigContextLoaderUtils -- Could not detect default configuration classes for test class [no.fdk.harvestadmin.integration.BaseIntegrationTest]: BaseIntegrationTest does not declare any static, non-private, non-final, nested classes annotated with @Configuration.
15:15:50.577 [main] INFO org.springframework.boot.test.context.SpringBootTestContextBootstrapper -- Found @SpringBootConfiguration no.fdk.harvestadmin.FdkHarvestAdminServiceApplication for test class no.fdk.harvestadmin.integration.KafkaIntegrationTest
15:15:50.617 [main] INFO no.fdk.harvestadmin.integration.TestContainerLifecycleExtension -- 🔧 Ensuring shared test containers are started...
15:15:50.647 [main] INFO org.testcontainers.images.PullPolicy -- Image pull policy will be performed by: DefaultPullPolicy()
15:15:50.648 [main] INFO org.testcontainers.utility.ImageNameSubstitutor -- Image name substitution will be performed by: DefaultImageNameSubstitutor (composite of 'ConfigurationFileImageNameSubstitutor' and 'PrefixingImageNameSubstitutor')
15:15:50.715 [main] INFO org.testcontainers.dockerclient.DockerClientProviderStrategy -- Loaded org.testcontainers.dockerclient.UnixSocketClientProviderStrategy from ~/.testcontainers.properties, will try it first
15:15:50.861 [main] INFO org.testcontainers.dockerclient.DockerClientProviderStrategy -- Found Docker environment with local Unix socket (unix:///var/run/docker.sock)
15:15:50.862 [main] INFO org.testcontainers.DockerClientFactory -- Docker host IP address is localhost
15:15:50.889 [main] INFO org.testcontainers.DockerClientFactory -- Connected to docker: 
  Server Version: 5.4.2
  API Version: 1.41
  Operating System: fedora
  Total Memory: 3616 MB
15:15:50.948 [main] INFO tc.testcontainers/ryuk:0.5.1 -- Creating container for image: testcontainers/ryuk:0.5.1
15:15:50.951 [main] INFO org.testcontainers.utility.RegistryAuthLocator -- Failure when attempting to lookup auth config. Please ignore if you don't have images in an authenticated registry. Details: (dockerImageName: testcontainers/ryuk:0.5.1, configFile: /Users/jeffreiffers/.docker/config.json, configEnv: DOCKER_AUTH_CONFIG). Falling back to docker-java default behaviour. Exception message: Status 404: No config supplied. Checked in order: /Users/jeffreiffers/.docker/config.json (file not found), DOCKER_AUTH_CONFIG (not set)
15:15:50.987 [main] INFO tc.testcontainers/ryuk:0.5.1 -- Container testcontainers/ryuk:0.5.1 is starting: 21c37505c4a72771754919de9078b9fd701aa8cb7c7bd724f11445a7506cf6cc
15:15:51.103 [main] INFO tc.testcontainers/ryuk:0.5.1 -- Container testcontainers/ryuk:0.5.1 started in PT0.154297S
15:15:51.106 [main] INFO org.testcontainers.utility.RyukResourceReaper -- Ryuk started - will monitor and terminate Testcontainers containers on JVM exit
15:15:51.107 [main] INFO org.testcontainers.DockerClientFactory -- Checking the system...
15:15:51.107 [main] INFO org.testcontainers.DockerClientFactory -- ✔︎ Docker server version should be at least 1.6.0
15:15:51.111 [main] INFO tc.postgres:15 -- Creating container for image: postgres:15
15:15:51.115 [main] WARN tc.postgres:15 -- Reuse was requested but the environment does not support the reuse of containers
To enable reuse of containers, you must set 'testcontainers.reuse.enable=true' in a file located at /Users/jeffreiffers/.testcontainers.properties
15:15:51.126 [main] INFO tc.postgres:15 -- Container postgres:15 is starting: 21c2a0161ee12130a5a3a6604ca530d08b15dbd101f9d69b20a175ac27197d1b
15:15:51.971 [main] INFO tc.postgres:15 -- Container postgres:15 started in PT0.860213S
15:15:51.972 [main] INFO tc.postgres:15 -- Container is started (JDBC URL: jdbc:postgresql://localhost:32823/fdk_harvest_admin?loggerLevel=OFF)
15:15:51.988 [main] INFO tc.confluentinc/cp-kafka:7.4.0 -- Creating container for image: confluentinc/cp-kafka:7.4.0
15:15:51.989 [main] WARN tc.confluentinc/cp-kafka:7.4.0 -- Reuse was requested but the environment does not support the reuse of containers
To enable reuse of containers, you must set 'testcontainers.reuse.enable=true' in a file located at /Users/jeffreiffers/.testcontainers.properties
15:15:52.004 [main] INFO tc.confluentinc/cp-kafka:7.4.0 -- Container confluentinc/cp-kafka:7.4.0 is starting: 5d81d6b27a571d75692d49a92e3064dad4a5bd6a7d3042998d7db2747e83e1fb
15:15:54.344 [main] INFO tc.confluentinc/cp-kafka:7.4.0 -- Container confluentinc/cp-kafka:7.4.0 started in PT2.356331S
15:15:54.374 [main] INFO tc.confluentinc/cp-schema-registry:7.4.0 -- Creating container for image: confluentinc/cp-schema-registry:7.4.0
15:15:54.375 [main] WARN tc.confluentinc/cp-schema-registry:7.4.0 -- Reuse was requested but the environment does not support the reuse of containers
To enable reuse of containers, you must set 'testcontainers.reuse.enable=true' in a file located at /Users/jeffreiffers/.testcontainers.properties
15:15:54.399 [main] INFO tc.confluentinc/cp-schema-registry:7.4.0 -- Container confluentinc/cp-schema-registry:7.4.0 is starting: 0a6362664fb9f820ce469b68a861bafc58d5f95c288d11936cea390da8b73940
15:15:54.491 [main] INFO org.testcontainers.containers.wait.strategy.HttpWaitStrategy -- /happy_hamilton: Waiting for 60 seconds for URL: http://localhost:34877/subjects (where port 34877 maps to container port 8081)
15:15:58.638 [main] INFO tc.confluentinc/cp-schema-registry:7.4.0 -- Container confluentinc/cp-schema-registry:7.4.0 started in PT4.263419S
15:15:58.642 [main] INFO no.fdk.harvestadmin.integration.TestContainerLifecycleExtension -- ✅ All shared test containers are running
15:15:58.642 [main] INFO no.fdk.harvestadmin.integration.TestContainerLifecycleExtension --    - PostgreSQL: jdbc:postgresql://localhost:32823/fdk_harvest_admin?loggerLevel=OFF
15:15:58.642 [main] INFO no.fdk.harvestadmin.integration.TestContainerLifecycleExtension --    - Kafka: PLAINTEXT://localhost:33475
15:15:58.642 [main] INFO no.fdk.harvestadmin.integration.TestContainerLifecycleExtension --    - Schema Registry: http://localhost:34877

  .   ____          _            __ _ _
 /\\ / ___'_ __ _ _(_)_ __  __ _ \ \ \ \
( ( )\___ | '_ | '_| | '_ \/ _` | \ \ \ \
 \\/  ___)| |_)| | | | | || (_| |  ) ) ) )
  '  |____| .__|_| |_|_| |_\__, | / / / /
 =========|_|==============|___/=/_/_/_/

 :: Spring Boot ::                (v3.5.6)

2025-12-09T15:15:58.907+01:00  INFO 38810 --- [fdk-harvest-admin-service] [           main] n.f.h.integration.KafkaIntegrationTest   : Starting KafkaIntegrationTest using Java 22 with PID 38810 (started by jeffreiffers in /Users/jeffreiffers/Digdir/fdk-harvest-admin-service)
2025-12-09T15:15:58.908+01:00 DEBUG 38810 --- [fdk-harvest-admin-service] [           main] n.f.h.integration.KafkaIntegrationTest   : Running with Spring Boot v3.5.6, Spring v6.2.11
2025-12-09T15:15:58.908+01:00  INFO 38810 --- [fdk-harvest-admin-service] [           main] n.f.h.integration.KafkaIntegrationTest   : The following 1 profile is active: "test"
2025-12-09T15:15:59.471+01:00  INFO 38810 --- [fdk-harvest-admin-service] [           main] .s.d.r.c.RepositoryConfigurationDelegate : Bootstrapping Spring Data JPA repositories in DEFAULT mode.
2025-12-09T15:15:59.499+01:00  INFO 38810 --- [fdk-harvest-admin-service] [           main] .s.d.r.c.RepositoryConfigurationDelegate : Finished Spring Data repository scanning in 23 ms. Found 3 JPA repository interfaces.
2025-12-09T15:15:59.932+01:00  INFO 38810 --- [fdk-harvest-admin-service] [           main] o.hibernate.jpa.internal.util.LogHelper  : HHH000204: Processing PersistenceUnitInfo [name: default]
2025-12-09T15:15:59.950+01:00  INFO 38810 --- [fdk-harvest-admin-service] [           main] org.hibernate.Version                    : HHH000412: Hibernate ORM core version 6.6.29.Final
2025-12-09T15:15:59.961+01:00  INFO 38810 --- [fdk-harvest-admin-service] [           main] o.h.c.internal.RegionFactoryInitiator    : HHH000026: Second-level cache disabled
2025-12-09T15:16:00.057+01:00  INFO 38810 --- [fdk-harvest-admin-service] [           main] o.s.o.j.p.SpringPersistenceUnitInfo      : No LoadTimeWeaver setup: ignoring JPA class transformer
2025-12-09T15:16:00.067+01:00  INFO 38810 --- [fdk-harvest-admin-service] [           main] com.zaxxer.hikari.HikariDataSource       : HikariPool-1 - Starting...
2025-12-09T15:16:00.143+01:00  INFO 38810 --- [fdk-harvest-admin-service] [           main] com.zaxxer.hikari.pool.HikariPool        : HikariPool-1 - Added connection org.postgresql.jdbc.PgConnection@25df95b
2025-12-09T15:16:00.143+01:00  INFO 38810 --- [fdk-harvest-admin-service] [           main] com.zaxxer.hikari.HikariDataSource       : HikariPool-1 - Start completed.
2025-12-09T15:16:00.158+01:00  WARN 38810 --- [fdk-harvest-admin-service] [           main] org.hibernate.orm.deprecation            : HHH90000025: PostgreSQLDialect does not need to be specified explicitly using 'hibernate.dialect' (remove the property setting and it will be selected by default)
2025-12-09T15:16:00.168+01:00  INFO 38810 --- [fdk-harvest-admin-service] [           main] org.hibernate.orm.connections.pooling    : HHH10001005: Database info:
	Database JDBC URL [Connecting through datasource 'HikariDataSource (HikariPool-1)']
	Database driver: undefined/unknown
	Database version: 15.15
	Autocommit mode: undefined/unknown
	Isolation level: undefined/unknown
	Minimum pool size: undefined/unknown
	Maximum pool size: undefined/unknown
2025-12-09T15:16:00.620+01:00  INFO 38810 --- [fdk-harvest-admin-service] [           main] o.h.e.t.j.p.i.JtaPlatformInitiator       : HHH000489: No JTA platform available (set 'hibernate.transaction.jta.platform' to enable JTA platform integration)
2025-12-09T15:16:00.626+01:00 DEBUG 38810 --- [fdk-harvest-admin-service] [           main] org.hibernate.SQL                        : 
    set client_min_messages = WARNING
Hibernate: 
    set client_min_messages = WARNING
2025-12-09T15:16:00.627+01:00 DEBUG 38810 --- [fdk-harvest-admin-service] [           main] org.hibernate.SQL                        : 
    drop table if exists data_sources cascade
Hibernate: 
    drop table if exists data_sources cascade
2025-12-09T15:16:00.628+01:00 DEBUG 38810 --- [fdk-harvest-admin-service] [           main] org.hibernate.SQL                        : 
    drop table if exists harvest_progress_events cascade
Hibernate: 
    drop table if exists harvest_progress_events cascade
2025-12-09T15:16:00.629+01:00 DEBUG 38810 --- [fdk-harvest-admin-service] [           main] org.hibernate.SQL                        : 
    drop table if exists harvest_runs cascade
Hibernate: 
    drop table if exists harvest_runs cascade
2025-12-09T15:16:00.631+01:00 DEBUG 38810 --- [fdk-harvest-admin-service] [           main] org.hibernate.SQL                        : 
    create table data_sources (
        id varchar(36) not null,
        data_source_type varchar(50) not null,
        data_type varchar(50) not null,
        url varchar(2048) not null,
        accept_header varchar(255),
        description TEXT,
        publisher_id varchar(255) not null,
        primary key (id)
    )
Hibernate: 
    create table data_sources (
        id varchar(36) not null,
        data_source_type varchar(50) not null,
        data_type varchar(50) not null,
        url varchar(2048) not null,
        accept_header varchar(255),
        description TEXT,
        publisher_id varchar(255) not null,
        primary key (id)
    )
2025-12-09T15:16:00.636+01:00 DEBUG 38810 --- [fdk-harvest-admin-service] [           main] org.hibernate.SQL                        : 
    create table harvest_progress_events (
        changed_resources_count integer,
        removed_resources_count integer,
        unchanged_resources_count integer,
        created_at timestamp(6) with time zone not null,
        id bigint generated by default as identity,
        timestamp bigint not null,
        harvest_run_id varchar(36),
        data_type varchar(50) not null,
        event_type varchar(100) not null,
        data_source_url varchar(2048),
        resource_uri varchar(2048),
        accept_header varchar(255),
        data_source_id varchar(255) not null,
        end_time varchar(255),
        error_message TEXT,
        fdk_id varchar(255),
        start_time varchar(255),
        primary key (id)
    )
Hibernate: 
    create table harvest_progress_events (
        changed_resources_count integer,
        removed_resources_count integer,
        unchanged_resources_count integer,
        created_at timestamp(6) with time zone not null,
        id bigint generated by default as identity,
        timestamp bigint not null,
        harvest_run_id varchar(36),
        data_type varchar(50) not null,
        event_type varchar(100) not null,
        data_source_url varchar(2048),
        resource_uri varchar(2048),
        accept_header varchar(255),
        data_source_id varchar(255) not null,
        end_time varchar(255),
        error_message TEXT,
        fdk_id varchar(255),
        start_time varchar(255),
        primary key (id)
    )
2025-12-09T15:16:00.639+01:00 DEBUG 38810 --- [fdk-harvest-admin-service] [           main] org.hibernate.SQL                        : 
    create table harvest_runs (
        changed_resources_count integer,
        processed_resources integer,
        remaining_resources integer,
        removed_resources_count integer,
        total_resources integer,
        unchanged_resources_count integer,
        ai_search_processing_duration_ms bigint,
        api_processing_duration_ms bigint,
        created_at timestamp(6) with time zone not null,
        harvest_duration_ms bigint,
        id bigint generated by default as identity,
        init_duration_ms bigint,
        last_event_timestamp bigint,
        phase_started_at timestamp(6) with time zone,
        rdf_parsing_duration_ms bigint,
        reasoning_duration_ms bigint,
        run_ended_at timestamp(6) with time zone,
        run_started_at timestamp(6) with time zone not null,
        search_processing_duration_ms bigint,
        sparql_processing_duration_ms bigint,
        total_duration_ms bigint,
        updated_at timestamp(6) with time zone not null,
        run_id varchar(36) not null unique,
        data_type varchar(50) not null,
        status varchar(50) not null,
        current_phase varchar(100),
        data_source_id varchar(255) not null,
        error_message TEXT,
        primary key (id)
    )
Hibernate: 
    create table harvest_runs (
        changed_resources_count integer,
        processed_resources integer,
        remaining_resources integer,
        removed_resources_count integer,
        total_resources integer,
        unchanged_resources_count integer,
        ai_search_processing_duration_ms bigint,
        api_processing_duration_ms bigint,
        created_at timestamp(6) with time zone not null,
        harvest_duration_ms bigint,
        id bigint generated by default as identity,
        init_duration_ms bigint,
        last_event_timestamp bigint,
        phase_started_at timestamp(6) with time zone,
        rdf_parsing_duration_ms bigint,
        reasoning_duration_ms bigint,
        run_ended_at timestamp(6) with time zone,
        run_started_at timestamp(6) with time zone not null,
        search_processing_duration_ms bigint,
        sparql_processing_duration_ms bigint,
        total_duration_ms bigint,
        updated_at timestamp(6) with time zone not null,
        run_id varchar(36) not null unique,
        data_type varchar(50) not null,
        status varchar(50) not null,
        current_phase varchar(100),
        data_source_id varchar(255) not null,
        error_message TEXT,
        primary key (id)
    )
2025-12-09T15:16:00.641+01:00 DEBUG 38810 --- [fdk-harvest-admin-service] [           main] org.hibernate.SQL                        : 
    create index idx_publisher_id 
       on data_sources (publisher_id)
Hibernate: 
    create index idx_publisher_id 
       on data_sources (publisher_id)
2025-12-09T15:16:00.642+01:00 DEBUG 38810 --- [fdk-harvest-admin-service] [           main] org.hibernate.SQL                        : 
    create index idx_url_data_type 
       on data_sources (url, data_type)
Hibernate: 
    create index idx_url_data_type 
       on data_sources (url, data_type)
2025-12-09T15:16:00.644+01:00  INFO 38810 --- [fdk-harvest-admin-service] [           main] j.LocalContainerEntityManagerFactoryBean : Initialized JPA EntityManagerFactory for persistence unit 'default'
2025-12-09T15:16:00.768+01:00  WARN 38810 --- [fdk-harvest-admin-service] [           main] JpaBaseConfiguration$JpaWebConfiguration : spring.jpa.open-in-view is enabled by default. Therefore, database queries may be performed during view rendering. Explicitly configure spring.jpa.open-in-view to disable this warning
2025-12-09T15:16:01.373+01:00  INFO 38810 --- [fdk-harvest-admin-service] [           main] o.s.d.j.r.query.QueryEnhancerFactory     : Hibernate is in classpath; If applicable, HQL parser will be used.
2025-12-09T15:16:02.072+01:00  INFO 38810 --- [fdk-harvest-admin-service] [           main] o.s.b.a.e.web.EndpointLinksResolver      : Exposing 3 endpoints beneath base path '/actuator'
2025-12-09T15:16:02.081+01:00  INFO 38810 --- [fdk-harvest-admin-service] [           main] n.f.h.integration.KafkaIntegrationTest   : Started KafkaIntegrationTest in 3.315 seconds (process running for 11.891)
2025-12-09T15:16:02.129+01:00  WARN 38810 --- [fdk-harvest-admin-service] [           main] o.s.core.events.SpringDocAppInitializer  : SpringDoc /api-docs endpoint is enabled by default. To disable it in production, set the property 'springdoc.api-docs.enabled=false'
2025-12-09T15:16:02.130+01:00  WARN 38810 --- [fdk-harvest-admin-service] [           main] o.s.core.events.SpringDocAppInitializer  : SpringDoc /swagger-ui.html endpoint is enabled by default. To disable it in production, set the property 'springdoc.swagger-ui.enabled=false'
2025-12-09T15:16:02.220+01:00 DEBUG 38810 --- [fdk-harvest-admin-service] [           main] KafkaListenerAnnotationBeanPostProcessor : No retry topic configuration found for topics [harvest-events]
2025-12-09T15:16:02.281+01:00  INFO 38810 --- [fdk-harvest-admin-service] [           main] o.a.k.clients.consumer.ConsumerConfig    : ConsumerConfig values: 
	allow.auto.create.topics = true
	auto.commit.interval.ms = 5000
	auto.include.jmx.reporter = true
	auto.offset.reset = earliest
	bootstrap.servers = [PLAINTEXT://localhost:33475]
	check.crcs = true
	client.dns.lookup = use_all_dns_ips
	client.id = consumer-test-group-1
	client.rack = 
	connections.max.idle.ms = 540000
	default.api.timeout.ms = 60000
	enable.auto.commit = false
	enable.metrics.push = true
	exclude.internal.topics = true
	fetch.max.bytes = 52428800
	fetch.max.wait.ms = 500
	fetch.min.bytes = 1
	group.id = test-group
	group.instance.id = null
	group.protocol = classic
	group.remote.assignor = null
	heartbeat.interval.ms = 3000
	interceptor.classes = []
	internal.leave.group.on.close = true
	internal.throw.on.fetch.stable.offset.unsupported = false
	isolation.level = read_uncommitted
	key.deserializer = class org.apache.kafka.common.serialization.StringDeserializer
	max.partition.fetch.bytes = 1048576
	max.poll.interval.ms = 300000
	max.poll.records = 500
	metadata.max.age.ms = 300000
	metadata.recovery.strategy = none
	metric.reporters = []
	metrics.num.samples = 2
	metrics.recording.level = INFO
	metrics.sample.window.ms = 30000
	partition.assignment.strategy = [class org.apache.kafka.clients.consumer.RangeAssignor, class org.apache.kafka.clients.consumer.CooperativeStickyAssignor]
	receive.buffer.bytes = 65536
	reconnect.backoff.max.ms = 1000
	reconnect.backoff.ms = 50
	request.timeout.ms = 30000
	retry.backoff.max.ms = 1000
	retry.backoff.ms = 100
	sasl.client.callback.handler.class = null
	sasl.jaas.config = null
	sasl.kerberos.kinit.cmd = /usr/bin/kinit
	sasl.kerberos.min.time.before.relogin = 60000
	sasl.kerberos.service.name = null
	sasl.kerberos.ticket.renew.jitter = 0.05
	sasl.kerberos.ticket.renew.window.factor = 0.8
	sasl.login.callback.handler.class = null
	sasl.login.class = null
	sasl.login.connect.timeout.ms = null
	sasl.login.read.timeout.ms = null
	sasl.login.refresh.buffer.seconds = 300
	sasl.login.refresh.min.period.seconds = 60
	sasl.login.refresh.window.factor = 0.8
	sasl.login.refresh.window.jitter = 0.05
	sasl.login.retry.backoff.max.ms = 10000
	sasl.login.retry.backoff.ms = 100
	sasl.mechanism = GSSAPI
	sasl.oauthbearer.clock.skew.seconds = 30
	sasl.oauthbearer.expected.audience = null
	sasl.oauthbearer.expected.issuer = null
	sasl.oauthbearer.header.urlencode = false
	sasl.oauthbearer.jwks.endpoint.refresh.ms = 3600000
	sasl.oauthbearer.jwks.endpoint.retry.backoff.max.ms = 10000
	sasl.oauthbearer.jwks.endpoint.retry.backoff.ms = 100
	sasl.oauthbearer.jwks.endpoint.url = null
	sasl.oauthbearer.scope.claim.name = scope
	sasl.oauthbearer.sub.claim.name = sub
	sasl.oauthbearer.token.endpoint.url = null
	security.protocol = PLAINTEXT
	security.providers = null
	send.buffer.bytes = 131072
	session.timeout.ms = 45000
	socket.connection.setup.timeout.max.ms = 30000
	socket.connection.setup.timeout.ms = 10000
	ssl.cipher.suites = null
	ssl.enabled.protocols = [TLSv1.2, TLSv1.3]
	ssl.endpoint.identification.algorithm = https
	ssl.engine.factory.class = null
	ssl.key.password = null
	ssl.keymanager.algorithm = SunX509
	ssl.keystore.certificate.chain = null
	ssl.keystore.key = null
	ssl.keystore.location = null
	ssl.keystore.password = null
	ssl.keystore.type = JKS
	ssl.protocol = TLSv1.3
	ssl.provider = null
	ssl.secure.random.implementation = null
	ssl.trustmanager.algorithm = PKIX
	ssl.truststore.certificates = null
	ssl.truststore.location = null
	ssl.truststore.password = null
	ssl.truststore.type = JKS
	value.deserializer = class io.confluent.kafka.serializers.KafkaAvroDeserializer

2025-12-09T15:16:02.301+01:00  INFO 38810 --- [fdk-harvest-admin-service] [           main] o.a.k.c.t.i.KafkaMetricsCollector        : initializing Kafka metrics collector
2025-12-09T15:16:02.314+01:00  INFO 38810 --- [fdk-harvest-admin-service] [           main] i.c.k.s.KafkaAvroDeserializerConfig      : KafkaAvroDeserializerConfig values: 
	auto.register.schemas = true
	avro.reflection.allow.null = false
	avro.use.logical.type.converters = false
	basic.auth.credentials.source = URL
	basic.auth.user.info = [hidden]
	bearer.auth.cache.expiry.buffer.seconds = 300
	bearer.auth.client.id = null
	bearer.auth.client.secret = null
	bearer.auth.credentials.source = STATIC_TOKEN
	bearer.auth.custom.provider.class = null
	bearer.auth.identity.pool.id = null
	bearer.auth.issuer.endpoint.url = null
	bearer.auth.logical.cluster = null
	bearer.auth.scope = null
	bearer.auth.scope.claim.name = scope
	bearer.auth.sub.claim.name = sub
	bearer.auth.token = [hidden]
	context.name.strategy = class io.confluent.kafka.serializers.context.NullContextNameStrategy
	http.connect.timeout.ms = 60000
	http.read.timeout.ms = 60000
	id.compatibility.strict = true
	key.schema.id.deserializer = class io.confluent.kafka.serializers.schema.id.DualSchemaIdDeserializer
	key.schema.id.serializer = class io.confluent.kafka.serializers.schema.id.PrefixSchemaIdSerializer
	key.subject.name.strategy = class io.confluent.kafka.serializers.subject.TopicNameStrategy
	latest.cache.size = 1000
	latest.cache.ttl.sec = -1
	latest.compatibility.strict = true
	max.retries = 3
	max.schemas.per.subject = 1000
	normalize.schemas = false
	propagate.schema.tags = false
	proxy.host = 
	proxy.port = -1
	retries.max.wait.ms = 20000
	retries.wait.ms = 1000
	rule.actions = []
	rule.executors = []
	rule.service.loader.enable = true
	schema.format = null
	schema.reflection = false
	schema.registry.basic.auth.user.info = [hidden]
	schema.registry.ssl.cipher.suites = null
	schema.registry.ssl.enabled.protocols = [TLSv1.2, TLSv1.3]
	schema.registry.ssl.endpoint.identification.algorithm = https
	schema.registry.ssl.engine.factory.class = null
	schema.registry.ssl.key.password = null
	schema.registry.ssl.keymanager.algorithm = SunX509
	schema.registry.ssl.keystore.certificate.chain = null
	schema.registry.ssl.keystore.key = null
	schema.registry.ssl.keystore.location = null
	schema.registry.ssl.keystore.password = null
	schema.registry.ssl.keystore.type = JKS
	schema.registry.ssl.protocol = TLSv1.3
	schema.registry.ssl.provider = null
	schema.registry.ssl.secure.random.implementation = null
	schema.registry.ssl.trustmanager.algorithm = PKIX
	schema.registry.ssl.truststore.certificates = null
	schema.registry.ssl.truststore.location = null
	schema.registry.ssl.truststore.password = null
	schema.registry.ssl.truststore.type = JKS
	schema.registry.url = [http://localhost:34877]
	schema.registry.url.randomize = false
	specific.avro.key.type = null
	specific.avro.reader = true
	specific.avro.value.type = null
	use.latest.version = false
	use.latest.with.metadata = null
	use.schema.id = -1
	value.schema.id.deserializer = class io.confluent.kafka.serializers.schema.id.DualSchemaIdDeserializer
	value.schema.id.serializer = class io.confluent.kafka.serializers.schema.id.PrefixSchemaIdSerializer
	value.subject.name.strategy = class io.confluent.kafka.serializers.subject.TopicNameStrategy

2025-12-09T15:16:02.362+01:00  INFO 38810 --- [fdk-harvest-admin-service] [           main] o.a.k.clients.consumer.ConsumerConfig    : These configurations '[schema.registry.url, specific.avro.reader]' were supplied but are not used yet.
2025-12-09T15:16:02.362+01:00  INFO 38810 --- [fdk-harvest-admin-service] [           main] o.a.kafka.common.utils.AppInfoParser     : Kafka version: 3.9.1
2025-12-09T15:16:02.363+01:00  INFO 38810 --- [fdk-harvest-admin-service] [           main] o.a.kafka.common.utils.AppInfoParser     : Kafka commitId: f745dfdcee2b9851
2025-12-09T15:16:02.363+01:00  INFO 38810 --- [fdk-harvest-admin-service] [           main] o.a.kafka.common.utils.AppInfoParser     : Kafka startTimeMs: 1765289762362
2025-12-09T15:16:02.364+01:00  INFO 38810 --- [fdk-harvest-admin-service] [           main] o.a.k.c.c.i.ClassicKafkaConsumer         : [Consumer clientId=consumer-test-group-1, groupId=test-group] Subscribed to topic(s): harvest-events
2025-12-09T15:16:02.368+01:00 DEBUG 38810 --- [fdk-harvest-admin-service] [           main] KafkaListenerAnnotationBeanPostProcessor : 1 @KafkaListener methods processed on bean 'kafkaHarvestEventConsumer': {public void no.fdk.harvestadmin.kafka.KafkaHarvestEventConsumer.consumeHarvestEvent(org.apache.kafka.clients.consumer.ConsumerRecord)=[@org.springframework.kafka.annotation.KafkaListener(topicPattern="", containerFactory="kafkaListenerContainerFactory", contentTypeConverter="", beanRef="__listener", topics={"${app.kafka.topic.harvest-events}"}, groupId="${spring.kafka.consumer.group-id:fdk-harvest-admin-service}", batch="", topicPartitions={}, clientIdPrefix="", splitIterables=true, concurrency="", autoStartup="", filter="", containerGroup="", idIsGroup=true, errorHandler="", containerPostProcessor="", id="", properties={}, info="")]}
2025-12-09T15:16:02.541+01:00  WARN 38810 --- [fdk-harvest-admin-service] [ntainer#0-0-C-1] org.apache.kafka.clients.NetworkClient   : [Consumer clientId=consumer-test-group-1, groupId=test-group] The metadata response from the cluster reported a recoverable issue with correlation id 3 : {harvest-events=LEADER_NOT_AVAILABLE}
2025-12-09T15:16:02.544+01:00  INFO 38810 --- [fdk-harvest-admin-service] [ntainer#0-0-C-1] org.apache.kafka.clients.Metadata        : [Consumer clientId=consumer-test-group-1, groupId=test-group] Cluster ID: CFxZu7uTRveZ7QRjNC_8Uw
2025-12-09T15:16:02.544+01:00  INFO 38810 --- [fdk-harvest-admin-service] [ntainer#0-0-C-1] o.a.k.c.c.internals.ConsumerCoordinator  : [Consumer clientId=consumer-test-group-1, groupId=test-group] Discovered group coordinator localhost:33475 (id: 2147483646 rack: null)
2025-12-09T15:16:02.546+01:00  INFO 38810 --- [fdk-harvest-admin-service] [ntainer#0-0-C-1] o.a.k.c.c.internals.ConsumerCoordinator  : [Consumer clientId=consumer-test-group-1, groupId=test-group] (Re-)joining group
2025-12-09T15:16:02.559+01:00  INFO 38810 --- [fdk-harvest-admin-service] [ntainer#0-0-C-1] o.a.k.c.c.internals.ConsumerCoordinator  : [Consumer clientId=consumer-test-group-1, groupId=test-group] Request joining group due to: need to re-join with the given member-id: consumer-test-group-1-c772e5bf-6b4e-49fe-b478-212b246a9370
2025-12-09T15:16:02.559+01:00  INFO 38810 --- [fdk-harvest-admin-service] [ntainer#0-0-C-1] o.a.k.c.c.internals.ConsumerCoordinator  : [Consumer clientId=consumer-test-group-1, groupId=test-group] (Re-)joining group
2025-12-09T15:16:02.568+01:00  INFO 38810 --- [fdk-harvest-admin-service] [ntainer#0-0-C-1] o.a.k.c.c.internals.ConsumerCoordinator  : [Consumer clientId=consumer-test-group-1, groupId=test-group] Successfully joined group with generation Generation{generationId=1, memberId='consumer-test-group-1-c772e5bf-6b4e-49fe-b478-212b246a9370', protocol='range'}
2025-12-09T15:16:02.659+01:00  INFO 38810 --- [fdk-harvest-admin-service] [ntainer#0-0-C-1] o.a.k.c.c.internals.ConsumerCoordinator  : [Consumer clientId=consumer-test-group-1, groupId=test-group] Finished assignment for group at generation 1: {consumer-test-group-1-c772e5bf-6b4e-49fe-b478-212b246a9370=Assignment(partitions=[harvest-events-0])}
2025-12-09T15:16:02.666+01:00  INFO 38810 --- [fdk-harvest-admin-service] [ntainer#0-0-C-1] o.a.k.c.c.internals.ConsumerCoordinator  : [Consumer clientId=consumer-test-group-1, groupId=test-group] Successfully synced group in generation Generation{generationId=1, memberId='consumer-test-group-1-c772e5bf-6b4e-49fe-b478-212b246a9370', protocol='range'}
2025-12-09T15:16:02.667+01:00  INFO 38810 --- [fdk-harvest-admin-service] [ntainer#0-0-C-1] o.a.k.c.c.internals.ConsumerCoordinator  : [Consumer clientId=consumer-test-group-1, groupId=test-group] Notifying assignor about the new Assignment(partitions=[harvest-events-0])
2025-12-09T15:16:02.669+01:00  INFO 38810 --- [fdk-harvest-admin-service] [ntainer#0-0-C-1] k.c.c.i.ConsumerRebalanceListenerInvoker : [Consumer clientId=consumer-test-group-1, groupId=test-group] Adding newly assigned partitions: harvest-events-0
2025-12-09T15:16:02.682+01:00  INFO 38810 --- [fdk-harvest-admin-service] [ntainer#0-0-C-1] o.a.k.c.c.internals.ConsumerCoordinator  : [Consumer clientId=consumer-test-group-1, groupId=test-group] Found no committed offset for partition harvest-events-0
2025-12-09T15:16:02.685+01:00  INFO 38810 --- [fdk-harvest-admin-service] [ntainer#0-0-C-1] o.a.k.c.c.internals.SubscriptionState    : [Consumer clientId=consumer-test-group-1, groupId=test-group] Resetting offset for partition harvest-events-0 to position FetchPosition{offset=0, offsetEpoch=Optional.empty, currentLeader=LeaderAndEpoch{leader=Optional[localhost:33475 (id: 1 rack: null)], epoch=0}}.
2025-12-09T15:16:02.686+01:00  INFO 38810 --- [fdk-harvest-admin-service] [ntainer#0-0-C-1] o.s.k.l.KafkaMessageListenerContainer    : test-group: partitions assigned: [harvest-events-0]
2025-12-09T15:16:02.720+01:00  INFO 38810 --- [fdk-harvest-admin-service] [           main] o.a.k.clients.producer.ProducerConfig    : ProducerConfig values: 
	acks = -1
	auto.include.jmx.reporter = true
	batch.size = 16384
	bootstrap.servers = [PLAINTEXT://localhost:33475]
	buffer.memory = 33554432
	client.dns.lookup = use_all_dns_ips
	client.id = fdk-harvest-admin-service-producer-1
	compression.gzip.level = -1
	compression.lz4.level = 9
	compression.type = none
	compression.zstd.level = 3
	connections.max.idle.ms = 540000
	delivery.timeout.ms = 120000
	enable.idempotence = true
	enable.metrics.push = true
	interceptor.classes = []
	key.serializer = class org.apache.kafka.common.serialization.StringSerializer
	linger.ms = 0
	max.block.ms = 60000
	max.in.flight.requests.per.connection = 5
	max.request.size = 1048576
	metadata.max.age.ms = 300000
	metadata.max.idle.ms = 300000
	metadata.recovery.strategy = none
	metric.reporters = []
	metrics.num.samples = 2
	metrics.recording.level = INFO
	metrics.sample.window.ms = 30000
	partitioner.adaptive.partitioning.enable = true
	partitioner.availability.timeout.ms = 0
	partitioner.class = null
	partitioner.ignore.keys = false
	receive.buffer.bytes = 32768
	reconnect.backoff.max.ms = 1000
	reconnect.backoff.ms = 50
	request.timeout.ms = 30000
	retries = 2147483647
	retry.backoff.max.ms = 1000
	retry.backoff.ms = 100
	sasl.client.callback.handler.class = null
	sasl.jaas.config = null
	sasl.kerberos.kinit.cmd = /usr/bin/kinit
	sasl.kerberos.min.time.before.relogin = 60000
	sasl.kerberos.service.name = null
	sasl.kerberos.ticket.renew.jitter = 0.05
	sasl.kerberos.ticket.renew.window.factor = 0.8
	sasl.login.callback.handler.class = null
	sasl.login.class = null
	sasl.login.connect.timeout.ms = null
	sasl.login.read.timeout.ms = null
	sasl.login.refresh.buffer.seconds = 300
	sasl.login.refresh.min.period.seconds = 60
	sasl.login.refresh.window.factor = 0.8
	sasl.login.refresh.window.jitter = 0.05
	sasl.login.retry.backoff.max.ms = 10000
	sasl.login.retry.backoff.ms = 100
	sasl.mechanism = GSSAPI
	sasl.oauthbearer.clock.skew.seconds = 30
	sasl.oauthbearer.expected.audience = null
	sasl.oauthbearer.expected.issuer = null
	sasl.oauthbearer.header.urlencode = false
	sasl.oauthbearer.jwks.endpoint.refresh.ms = 3600000
	sasl.oauthbearer.jwks.endpoint.retry.backoff.max.ms = 10000
	sasl.oauthbearer.jwks.endpoint.retry.backoff.ms = 100
	sasl.oauthbearer.jwks.endpoint.url = null
	sasl.oauthbearer.scope.claim.name = scope
	sasl.oauthbearer.sub.claim.name = sub
	sasl.oauthbearer.token.endpoint.url = null
	security.protocol = PLAINTEXT
	security.providers = null
	send.buffer.bytes = 131072
	socket.connection.setup.timeout.max.ms = 30000
	socket.connection.setup.timeout.ms = 10000
	ssl.cipher.suites = null
	ssl.enabled.protocols = [TLSv1.2, TLSv1.3]
	ssl.endpoint.identification.algorithm = https
	ssl.engine.factory.class = null
	ssl.key.password = null
	ssl.keymanager.algorithm = SunX509
	ssl.keystore.certificate.chain = null
	ssl.keystore.key = null
	ssl.keystore.location = null
	ssl.keystore.password = null
	ssl.keystore.type = JKS
	ssl.protocol = TLSv1.3
	ssl.provider = null
	ssl.secure.random.implementation = null
	ssl.trustmanager.algorithm = PKIX
	ssl.truststore.certificates = null
	ssl.truststore.location = null
	ssl.truststore.password = null
	ssl.truststore.type = JKS
	transaction.timeout.ms = 60000
	transactional.id = null
	value.serializer = class io.confluent.kafka.serializers.KafkaAvroSerializer

2025-12-09T15:16:02.720+01:00  INFO 38810 --- [fdk-harvest-admin-service] [           main] o.a.k.c.t.i.KafkaMetricsCollector        : initializing Kafka metrics collector
2025-12-09T15:16:02.723+01:00  INFO 38810 --- [fdk-harvest-admin-service] [           main] i.c.k.s.KafkaAvroSerializerConfig        : KafkaAvroSerializerConfig values: 
	auto.register.schemas = true
	avro.reflection.allow.null = false
	avro.remove.java.properties = false
	avro.use.logical.type.converters = false
	basic.auth.credentials.source = URL
	basic.auth.user.info = [hidden]
	bearer.auth.cache.expiry.buffer.seconds = 300
	bearer.auth.client.id = null
	bearer.auth.client.secret = null
	bearer.auth.credentials.source = STATIC_TOKEN
	bearer.auth.custom.provider.class = null
	bearer.auth.identity.pool.id = null
	bearer.auth.issuer.endpoint.url = null
	bearer.auth.logical.cluster = null
	bearer.auth.scope = null
	bearer.auth.scope.claim.name = scope
	bearer.auth.sub.claim.name = sub
	bearer.auth.token = [hidden]
	context.name.strategy = class io.confluent.kafka.serializers.context.NullContextNameStrategy
	http.connect.timeout.ms = 60000
	http.read.timeout.ms = 60000
	id.compatibility.strict = true
	key.schema.id.deserializer = class io.confluent.kafka.serializers.schema.id.DualSchemaIdDeserializer
	key.schema.id.serializer = class io.confluent.kafka.serializers.schema.id.PrefixSchemaIdSerializer
	key.subject.name.strategy = class io.confluent.kafka.serializers.subject.TopicNameStrategy
	latest.cache.size = 1000
	latest.cache.ttl.sec = -1
	latest.compatibility.strict = true
	max.retries = 3
	max.schemas.per.subject = 1000
	normalize.schemas = false
	propagate.schema.tags = false
	proxy.host = 
	proxy.port = -1
	retries.max.wait.ms = 20000
	retries.wait.ms = 1000
	rule.actions = []
	rule.executors = []
	rule.service.loader.enable = true
	schema.format = null
	schema.reflection = false
	schema.registry.basic.auth.user.info = [hidden]
	schema.registry.ssl.cipher.suites = null
	schema.registry.ssl.enabled.protocols = [TLSv1.2, TLSv1.3]
	schema.registry.ssl.endpoint.identification.algorithm = https
	schema.registry.ssl.engine.factory.class = null
	schema.registry.ssl.key.password = null
	schema.registry.ssl.keymanager.algorithm = SunX509
	schema.registry.ssl.keystore.certificate.chain = null
	schema.registry.ssl.keystore.key = null
	schema.registry.ssl.keystore.location = null
	schema.registry.ssl.keystore.password = null
	schema.registry.ssl.keystore.type = JKS
	schema.registry.ssl.protocol = TLSv1.3
	schema.registry.ssl.provider = null
	schema.registry.ssl.secure.random.implementation = null
	schema.registry.ssl.trustmanager.algorithm = PKIX
	schema.registry.ssl.truststore.certificates = null
	schema.registry.ssl.truststore.location = null
	schema.registry.ssl.truststore.password = null
	schema.registry.ssl.truststore.type = JKS
	schema.registry.url = [http://localhost:34877]
	schema.registry.url.randomize = false
	use.latest.version = true
	use.latest.with.metadata = null
	use.schema.id = -1
	value.schema.id.deserializer = class io.confluent.kafka.serializers.schema.id.DualSchemaIdDeserializer
	value.schema.id.serializer = class io.confluent.kafka.serializers.schema.id.PrefixSchemaIdSerializer
	value.subject.name.strategy = class io.confluent.kafka.serializers.subject.TopicNameStrategy

2025-12-09T15:16:02.727+01:00  INFO 38810 --- [fdk-harvest-admin-service] [           main] o.a.k.clients.producer.KafkaProducer     : [Producer clientId=fdk-harvest-admin-service-producer-1] Instantiated an idempotent producer.
2025-12-09T15:16:02.735+01:00  INFO 38810 --- [fdk-harvest-admin-service] [           main] o.a.k.clients.producer.ProducerConfig    : These configurations '[schema.registry.url, auto.register.schemas, use.latest.version]' were supplied but are not used yet.
2025-12-09T15:16:02.735+01:00  INFO 38810 --- [fdk-harvest-admin-service] [           main] o.a.kafka.common.utils.AppInfoParser     : Kafka version: 3.9.1
2025-12-09T15:16:02.735+01:00  INFO 38810 --- [fdk-harvest-admin-service] [           main] o.a.kafka.common.utils.AppInfoParser     : Kafka commitId: f745dfdcee2b9851
2025-12-09T15:16:02.735+01:00  INFO 38810 --- [fdk-harvest-admin-service] [           main] o.a.kafka.common.utils.AppInfoParser     : Kafka startTimeMs: 1765289762735
2025-12-09T15:16:02.735+01:00 DEBUG 38810 --- [fdk-harvest-admin-service] [           main] o.s.k.core.DefaultKafkaProducerFactory   : Created new Producer: CloseSafeProducer [delegate=org.apache.kafka.clients.producer.KafkaProducer@b8ef941]
2025-12-09T15:16:02.745+01:00  INFO 38810 --- [fdk-harvest-admin-service] [vice-producer-1] org.apache.kafka.clients.Metadata        : [Producer clientId=fdk-harvest-admin-service-producer-1] Cluster ID: CFxZu7uTRveZ7QRjNC_8Uw
2025-12-09T15:16:02.762+01:00  INFO 38810 --- [fdk-harvest-admin-service] [vice-producer-1] o.a.k.c.p.internals.TransactionManager   : [Producer clientId=fdk-harvest-admin-service-producer-1] ProducerId set to 0 with epoch 0
2025-12-09T15:16:02.901+01:00  INFO 38810 --- [fdk-harvest-admin-service] [           main] n.f.h.kafka.KafkaHarvestEventPublisher   : Published harvest event to Kafka - phase: RESOURCE_PROCESSING, dataSourceId: 9226c2d6-45b3-4052-831e-f14c70b72747, topic: harvest-events
✅ Published harvest event with resource counts to Kafka
2025-12-09T15:16:02.939+01:00 DEBUG 38810 --- [fdk-harvest-admin-service] [ntainer#0-0-C-1] o.s.k.l.KafkaMessageListenerContainer    : Received: 1 records
2025-12-09T15:16:02.940+01:00 DEBUG 38810 --- [fdk-harvest-admin-service] [ntainer#0-0-C-1] .a.RecordMessagingMessageListenerAdapter : Processing [GenericMessage [payload=org.springframework.kafka.support.KafkaNull@40f6a969, headers={id=2e981bbf-abfc-5e4a-f921-9e209d774a6e, timestamp=1765289762252}]]
2025-12-09T15:16:02.941+01:00 DEBUG 38810 --- [fdk-harvest-admin-service] [ntainer#0-0-C-1] n.f.h.kafka.KafkaHarvestEventConsumer    : Received harvest event - offset: 0, partition: 0
2025-12-09T15:16:02.979+01:00 DEBUG 38810 --- [fdk-harvest-admin-service] [ntainer#0-0-C-1] org.hibernate.SQL                        : 
    select
        hre1_0.id,
        hre1_0.ai_search_processing_duration_ms,
        hre1_0.api_processing_duration_ms,
        hre1_0.changed_resources_count,
        hre1_0.created_at,
        hre1_0.current_phase,
        hre1_0.data_source_id,
        hre1_0.data_type,
        hre1_0.error_message,
        hre1_0.harvest_duration_ms,
        hre1_0.init_duration_ms,
        hre1_0.last_event_timestamp,
        hre1_0.phase_started_at,
        hre1_0.processed_resources,
        hre1_0.rdf_parsing_duration_ms,
        hre1_0.reasoning_duration_ms,
        hre1_0.remaining_resources,
        hre1_0.removed_resources_count,
        hre1_0.run_ended_at,
        hre1_0.run_id,
        hre1_0.run_started_at,
        hre1_0.search_processing_duration_ms,
        hre1_0.sparql_processing_duration_ms,
        hre1_0.status,
        hre1_0.total_duration_ms,
        hre1_0.total_resources,
        hre1_0.unchanged_resources_count,
        hre1_0.updated_at 
    from
        harvest_runs hre1_0 
    where
        hre1_0.run_id=?
Hibernate: 
    select
        hre1_0.id,
        hre1_0.ai_search_processing_duration_ms,
        hre1_0.api_processing_duration_ms,
        hre1_0.changed_resources_count,
        hre1_0.created_at,
        hre1_0.current_phase,
        hre1_0.data_source_id,
        hre1_0.data_type,
        hre1_0.error_message,
        hre1_0.harvest_duration_ms,
        hre1_0.init_duration_ms,
        hre1_0.last_event_timestamp,
        hre1_0.phase_started_at,
        hre1_0.processed_resources,
        hre1_0.rdf_parsing_duration_ms,
        hre1_0.reasoning_duration_ms,
        hre1_0.remaining_resources,
        hre1_0.removed_resources_count,
        hre1_0.run_ended_at,
        hre1_0.run_id,
        hre1_0.run_started_at,
        hre1_0.search_processing_duration_ms,
        hre1_0.sparql_processing_duration_ms,
        hre1_0.status,
        hre1_0.total_duration_ms,
        hre1_0.total_resources,
        hre1_0.unchanged_resources_count,
        hre1_0.updated_at 
    from
        harvest_runs hre1_0 
    where
        hre1_0.run_id=?
2025-12-09T15:16:02.999+01:00 DEBUG 38810 --- [fdk-harvest-admin-service] [ntainer#0-0-C-1] org.hibernate.SQL                        : 
    select
        hre1_0.id,
        hre1_0.ai_search_processing_duration_ms,
        hre1_0.api_processing_duration_ms,
        hre1_0.changed_resources_count,
        hre1_0.created_at,
        hre1_0.current_phase,
        hre1_0.data_source_id,
        hre1_0.data_type,
        hre1_0.error_message,
        hre1_0.harvest_duration_ms,
        hre1_0.init_duration_ms,
        hre1_0.last_event_timestamp,
        hre1_0.phase_started_at,
        hre1_0.processed_resources,
        hre1_0.rdf_parsing_duration_ms,
        hre1_0.reasoning_duration_ms,
        hre1_0.remaining_resources,
        hre1_0.removed_resources_count,
        hre1_0.run_ended_at,
        hre1_0.run_id,
        hre1_0.run_started_at,
        hre1_0.search_processing_duration_ms,
        hre1_0.sparql_processing_duration_ms,
        hre1_0.status,
        hre1_0.total_duration_ms,
        hre1_0.total_resources,
        hre1_0.unchanged_resources_count,
        hre1_0.updated_at 
    from
        harvest_runs hre1_0 
    where
        hre1_0.data_source_id=? 
        and hre1_0.data_type=? 
        and hre1_0.status='IN_PROGRESS' 
    order by
        hre1_0.run_started_at desc
Hibernate: 
    select
        hre1_0.id,
        hre1_0.ai_search_processing_duration_ms,
        hre1_0.api_processing_duration_ms,
        hre1_0.changed_resources_count,
        hre1_0.created_at,
        hre1_0.current_phase,
        hre1_0.data_source_id,
        hre1_0.data_type,
        hre1_0.error_message,
        hre1_0.harvest_duration_ms,
        hre1_0.init_duration_ms,
        hre1_0.last_event_timestamp,
        hre1_0.phase_started_at,
        hre1_0.processed_resources,
        hre1_0.rdf_parsing_duration_ms,
        hre1_0.reasoning_duration_ms,
        hre1_0.remaining_resources,
        hre1_0.removed_resources_count,
        hre1_0.run_ended_at,
        hre1_0.run_id,
        hre1_0.run_started_at,
        hre1_0.search_processing_duration_ms,
        hre1_0.sparql_processing_duration_ms,
        hre1_0.status,
        hre1_0.total_duration_ms,
        hre1_0.total_resources,
        hre1_0.unchanged_resources_count,
        hre1_0.updated_at 
    from
        harvest_runs hre1_0 
    where
        hre1_0.data_source_id=? 
        and hre1_0.data_type=? 
        and hre1_0.status='IN_PROGRESS' 
    order by
        hre1_0.run_started_at desc
2025-12-09T15:16:03.011+01:00 DEBUG 38810 --- [fdk-harvest-admin-service] [ntainer#0-0-C-1] org.hibernate.SQL                        : 
    insert 
    into
        harvest_progress_events
        (accept_header, changed_resources_count, created_at, data_source_id, data_source_url, data_type, end_time, error_message, event_type, fdk_id, removed_resources_count, resource_uri, harvest_run_id, start_time, timestamp, unchanged_resources_count) 
    values
        (?, ?, ?, ?, ?, ?, ?, ?, ?, ?, ?, ?, ?, ?, ?, ?)
Hibernate: 
    insert 
    into
        harvest_progress_events
        (accept_header, changed_resources_count, created_at, data_source_id, data_source_url, data_type, end_time, error_message, event_type, fdk_id, removed_resources_count, resource_uri, harvest_run_id, start_time, timestamp, unchanged_resources_count) 
    values
        (?, ?, ?, ?, ?, ?, ?, ?, ?, ?, ?, ?, ?, ?, ?, ?)
2025-12-09T15:16:03.021+01:00 DEBUG 38810 --- [fdk-harvest-admin-service] [ntainer#0-0-C-1] org.hibernate.SQL                        : 
    select
        hre1_0.id,
        hre1_0.ai_search_processing_duration_ms,
        hre1_0.api_processing_duration_ms,
        hre1_0.changed_resources_count,
        hre1_0.created_at,
        hre1_0.current_phase,
        hre1_0.data_source_id,
        hre1_0.data_type,
        hre1_0.error_message,
        hre1_0.harvest_duration_ms,
        hre1_0.init_duration_ms,
        hre1_0.last_event_timestamp,
        hre1_0.phase_started_at,
        hre1_0.processed_resources,
        hre1_0.rdf_parsing_duration_ms,
        hre1_0.reasoning_duration_ms,
        hre1_0.remaining_resources,
        hre1_0.removed_resources_count,
        hre1_0.run_ended_at,
        hre1_0.run_id,
        hre1_0.run_started_at,
        hre1_0.search_processing_duration_ms,
        hre1_0.sparql_processing_duration_ms,
        hre1_0.status,
        hre1_0.total_duration_ms,
        hre1_0.total_resources,
        hre1_0.unchanged_resources_count,
        hre1_0.updated_at 
    from
        harvest_runs hre1_0 
    where
        hre1_0.run_id=?
Hibernate: 
    select
        hre1_0.id,
        hre1_0.ai_search_processing_duration_ms,
        hre1_0.api_processing_duration_ms,
        hre1_0.changed_resources_count,
        hre1_0.created_at,
        hre1_0.current_phase,
        hre1_0.data_source_id,
        hre1_0.data_type,
        hre1_0.error_message,
        hre1_0.harvest_duration_ms,
        hre1_0.init_duration_ms,
        hre1_0.last_event_timestamp,
        hre1_0.phase_started_at,
        hre1_0.processed_resources,
        hre1_0.rdf_parsing_duration_ms,
        hre1_0.reasoning_duration_ms,
        hre1_0.remaining_resources,
        hre1_0.removed_resources_count,
        hre1_0.run_ended_at,
        hre1_0.run_id,
        hre1_0.run_started_at,
        hre1_0.search_processing_duration_ms,
        hre1_0.sparql_processing_duration_ms,
        hre1_0.status,
        hre1_0.total_duration_ms,
        hre1_0.total_resources,
        hre1_0.unchanged_resources_count,
        hre1_0.updated_at 
    from
        harvest_runs hre1_0 
    where
        hre1_0.run_id=?
2025-12-09T15:16:03.023+01:00 DEBUG 38810 --- [fdk-harvest-admin-service] [ntainer#0-0-C-1] org.hibernate.SQL                        : 
    select
        hre1_0.id,
        hre1_0.ai_search_processing_duration_ms,
        hre1_0.api_processing_duration_ms,
        hre1_0.changed_resources_count,
        hre1_0.created_at,
        hre1_0.current_phase,
        hre1_0.data_source_id,
        hre1_0.data_type,
        hre1_0.error_message,
        hre1_0.harvest_duration_ms,
        hre1_0.init_duration_ms,
        hre1_0.last_event_timestamp,
        hre1_0.phase_started_at,
        hre1_0.processed_resources,
        hre1_0.rdf_parsing_duration_ms,
        hre1_0.reasoning_duration_ms,
        hre1_0.remaining_resources,
        hre1_0.removed_resources_count,
        hre1_0.run_ended_at,
        hre1_0.run_id,
        hre1_0.run_started_at,
        hre1_0.search_processing_duration_ms,
        hre1_0.sparql_processing_duration_ms,
        hre1_0.status,
        hre1_0.total_duration_ms,
        hre1_0.total_resources,
        hre1_0.unchanged_resources_count,
        hre1_0.updated_at 
    from
        harvest_runs hre1_0 
    where
        hre1_0.data_source_id=? 
        and hre1_0.data_type=? 
        and hre1_0.status='IN_PROGRESS' 
    order by
        hre1_0.run_started_at desc
Hibernate: 
    select
        hre1_0.id,
        hre1_0.ai_search_processing_duration_ms,
        hre1_0.api_processing_duration_ms,
        hre1_0.changed_resources_count,
        hre1_0.created_at,
        hre1_0.current_phase,
        hre1_0.data_source_id,
        hre1_0.data_type,
        hre1_0.error_message,
        hre1_0.harvest_duration_ms,
        hre1_0.init_duration_ms,
        hre1_0.last_event_timestamp,
        hre1_0.phase_started_at,
        hre1_0.processed_resources,
        hre1_0.rdf_parsing_duration_ms,
        hre1_0.reasoning_duration_ms,
        hre1_0.remaining_resources,
        hre1_0.removed_resources_count,
        hre1_0.run_ended_at,
        hre1_0.run_id,
        hre1_0.run_started_at,
        hre1_0.search_processing_duration_ms,
        hre1_0.sparql_processing_duration_ms,
        hre1_0.status,
        hre1_0.total_duration_ms,
        hre1_0.total_resources,
        hre1_0.unchanged_resources_count,
        hre1_0.updated_at 
    from
        harvest_runs hre1_0 
    where
        hre1_0.data_source_id=? 
        and hre1_0.data_type=? 
        and hre1_0.status='IN_PROGRESS' 
    order by
        hre1_0.run_started_at desc
2025-12-09T15:16:03.024+01:00 DEBUG 38810 --- [fdk-harvest-admin-service] [ntainer#0-0-C-1] n.f.h.service.HarvestRunService          : Persisted harvest event: phase=RESOURCE_PROCESSING, dataSourceId=9226c2d6-45b3-4052-831e-f14c70b72747, fdkId=null
2025-12-09T15:16:03.026+01:00 DEBUG 38810 --- [fdk-harvest-admin-service] [ntainer#0-0-C-1] n.f.h.service.HarvestEventProcessor      : Successfully processed harvest event: phase=RESOURCE_PROCESSING, dataSourceId=9226c2d6-45b3-4052-831e-f14c70b72747
2025-12-09T15:16:03.027+01:00 DEBUG 38810 --- [fdk-harvest-admin-service] [ntainer#0-0-C-1] o.s.k.l.KafkaMessageListenerContainer    : Committing: {harvest-events-0=OffsetAndMetadata{offset=1, leaderEpoch=null, metadata=''}}
2025-12-09T15:16:05.912+01:00 DEBUG 38810 --- [fdk-harvest-admin-service] [           main] org.hibernate.SQL                        : 
    select
        hee1_0.id,
        hee1_0.accept_header,
        hee1_0.changed_resources_count,
        hee1_0.created_at,
        hee1_0.data_source_id,
        hee1_0.data_source_url,
        hee1_0.data_type,
        hee1_0.end_time,
        hee1_0.error_message,
        hee1_0.event_type,
        hee1_0.fdk_id,
        hee1_0.removed_resources_count,
        hee1_0.resource_uri,
        hee1_0.harvest_run_id,
        hee1_0.start_time,
        hee1_0.timestamp,
        hee1_0.unchanged_resources_count 
    from
        harvest_progress_events hee1_0 
    where
        hee1_0.data_source_id=? 
    order by
        hee1_0.timestamp desc
Hibernate: 
    select
        hee1_0.id,
        hee1_0.accept_header,
        hee1_0.changed_resources_count,
        hee1_0.created_at,
        hee1_0.data_source_id,
        hee1_0.data_source_url,
        hee1_0.data_type,
        hee1_0.end_time,
        hee1_0.error_message,
        hee1_0.event_type,
        hee1_0.fdk_id,
        hee1_0.removed_resources_count,
        hee1_0.resource_uri,
        hee1_0.harvest_run_id,
        hee1_0.start_time,
        hee1_0.timestamp,
        hee1_0.unchanged_resources_count 
    from
        harvest_progress_events hee1_0 
    where
        hee1_0.data_source_id=? 
    order by
        hee1_0.timestamp desc
✅ Harvest event with resource counts successfully persisted
]]></system-out>
    <system-err><![CDATA[Mockito is currently self-attaching to enable the inline-mock-maker. This will no longer work in future releases of the JDK. Please add Mockito as an agent to your build as described in Mockito's documentation: https://javadoc.io/doc/org.mockito/mockito-core/latest/org.mockito/org/mockito/Mockito.html#0.3
WARNING: A Java agent has been loaded dynamically (/Users/jeffreiffers/.m2/repository/net/bytebuddy/byte-buddy-agent/1.17.7/byte-buddy-agent-1.17.7.jar)
WARNING: If a serviceability tool is in use, please run with -XX:+EnableDynamicAgentLoading to hide this warning
WARNING: If a serviceability tool is not in use, please run with -Djdk.instrument.traceUsage for more information
WARNING: Dynamic loading of agents will be disallowed by default in a future release
]]></system-err>
  </testcase>
  <testcase name="should handle harvest event with error message" classname="no.fdk.harvestadmin.integration.KafkaIntegrationTest" time="3.018">
    <system-out><![CDATA[2025-12-09T15:16:05.940+01:00  INFO 38810 --- [fdk-harvest-admin-service] [           main] n.f.h.kafka.KafkaHarvestEventPublisher   : Published harvest event to Kafka - phase: HARVESTING, dataSourceId: b513a854-a7d6-4374-b775-1bf1b0bca2f3, topic: harvest-events
✅ Published harvest event with error to Kafka
2025-12-09T15:16:05.948+01:00 DEBUG 38810 --- [fdk-harvest-admin-service] [ntainer#0-0-C-1] o.s.k.l.KafkaMessageListenerContainer    : Received: 1 records
2025-12-09T15:16:05.948+01:00 DEBUG 38810 --- [fdk-harvest-admin-service] [ntainer#0-0-C-1] .a.RecordMessagingMessageListenerAdapter : Processing [GenericMessage [payload=org.springframework.kafka.support.KafkaNull@40f6a969, headers={id=2e981bbf-abfc-5e4a-f921-9e209d774a6e, timestamp=1765289762252}]]
2025-12-09T15:16:05.948+01:00 DEBUG 38810 --- [fdk-harvest-admin-service] [ntainer#0-0-C-1] n.f.h.kafka.KafkaHarvestEventConsumer    : Received harvest event - offset: 1, partition: 0
2025-12-09T15:16:05.951+01:00 DEBUG 38810 --- [fdk-harvest-admin-service] [ntainer#0-0-C-1] org.hibernate.SQL                        : 
    select
        hre1_0.id,
        hre1_0.ai_search_processing_duration_ms,
        hre1_0.api_processing_duration_ms,
        hre1_0.changed_resources_count,
        hre1_0.created_at,
        hre1_0.current_phase,
        hre1_0.data_source_id,
        hre1_0.data_type,
        hre1_0.error_message,
        hre1_0.harvest_duration_ms,
        hre1_0.init_duration_ms,
        hre1_0.last_event_timestamp,
        hre1_0.phase_started_at,
        hre1_0.processed_resources,
        hre1_0.rdf_parsing_duration_ms,
        hre1_0.reasoning_duration_ms,
        hre1_0.remaining_resources,
        hre1_0.removed_resources_count,
        hre1_0.run_ended_at,
        hre1_0.run_id,
        hre1_0.run_started_at,
        hre1_0.search_processing_duration_ms,
        hre1_0.sparql_processing_duration_ms,
        hre1_0.status,
        hre1_0.total_duration_ms,
        hre1_0.total_resources,
        hre1_0.unchanged_resources_count,
        hre1_0.updated_at 
    from
        harvest_runs hre1_0 
    where
        hre1_0.run_id=?
Hibernate: 
    select
        hre1_0.id,
        hre1_0.ai_search_processing_duration_ms,
        hre1_0.api_processing_duration_ms,
        hre1_0.changed_resources_count,
        hre1_0.created_at,
        hre1_0.current_phase,
        hre1_0.data_source_id,
        hre1_0.data_type,
        hre1_0.error_message,
        hre1_0.harvest_duration_ms,
        hre1_0.init_duration_ms,
        hre1_0.last_event_timestamp,
        hre1_0.phase_started_at,
        hre1_0.processed_resources,
        hre1_0.rdf_parsing_duration_ms,
        hre1_0.reasoning_duration_ms,
        hre1_0.remaining_resources,
        hre1_0.removed_resources_count,
        hre1_0.run_ended_at,
        hre1_0.run_id,
        hre1_0.run_started_at,
        hre1_0.search_processing_duration_ms,
        hre1_0.sparql_processing_duration_ms,
        hre1_0.status,
        hre1_0.total_duration_ms,
        hre1_0.total_resources,
        hre1_0.unchanged_resources_count,
        hre1_0.updated_at 
    from
        harvest_runs hre1_0 
    where
        hre1_0.run_id=?
2025-12-09T15:16:05.952+01:00 DEBUG 38810 --- [fdk-harvest-admin-service] [ntainer#0-0-C-1] org.hibernate.SQL                        : 
    select
        hre1_0.id,
        hre1_0.ai_search_processing_duration_ms,
        hre1_0.api_processing_duration_ms,
        hre1_0.changed_resources_count,
        hre1_0.created_at,
        hre1_0.current_phase,
        hre1_0.data_source_id,
        hre1_0.data_type,
        hre1_0.error_message,
        hre1_0.harvest_duration_ms,
        hre1_0.init_duration_ms,
        hre1_0.last_event_timestamp,
        hre1_0.phase_started_at,
        hre1_0.processed_resources,
        hre1_0.rdf_parsing_duration_ms,
        hre1_0.reasoning_duration_ms,
        hre1_0.remaining_resources,
        hre1_0.removed_resources_count,
        hre1_0.run_ended_at,
        hre1_0.run_id,
        hre1_0.run_started_at,
        hre1_0.search_processing_duration_ms,
        hre1_0.sparql_processing_duration_ms,
        hre1_0.status,
        hre1_0.total_duration_ms,
        hre1_0.total_resources,
        hre1_0.unchanged_resources_count,
        hre1_0.updated_at 
    from
        harvest_runs hre1_0 
    where
        hre1_0.data_source_id=? 
        and hre1_0.data_type=? 
        and hre1_0.status='IN_PROGRESS' 
    order by
        hre1_0.run_started_at desc
Hibernate: 
    select
        hre1_0.id,
        hre1_0.ai_search_processing_duration_ms,
        hre1_0.api_processing_duration_ms,
        hre1_0.changed_resources_count,
        hre1_0.created_at,
        hre1_0.current_phase,
        hre1_0.data_source_id,
        hre1_0.data_type,
        hre1_0.error_message,
        hre1_0.harvest_duration_ms,
        hre1_0.init_duration_ms,
        hre1_0.last_event_timestamp,
        hre1_0.phase_started_at,
        hre1_0.processed_resources,
        hre1_0.rdf_parsing_duration_ms,
        hre1_0.reasoning_duration_ms,
        hre1_0.remaining_resources,
        hre1_0.removed_resources_count,
        hre1_0.run_ended_at,
        hre1_0.run_id,
        hre1_0.run_started_at,
        hre1_0.search_processing_duration_ms,
        hre1_0.sparql_processing_duration_ms,
        hre1_0.status,
        hre1_0.total_duration_ms,
        hre1_0.total_resources,
        hre1_0.unchanged_resources_count,
        hre1_0.updated_at 
    from
        harvest_runs hre1_0 
    where
        hre1_0.data_source_id=? 
        and hre1_0.data_type=? 
        and hre1_0.status='IN_PROGRESS' 
    order by
        hre1_0.run_started_at desc
2025-12-09T15:16:05.954+01:00 DEBUG 38810 --- [fdk-harvest-admin-service] [ntainer#0-0-C-1] org.hibernate.SQL                        : 
    insert 
    into
        harvest_progress_events
        (accept_header, changed_resources_count, created_at, data_source_id, data_source_url, data_type, end_time, error_message, event_type, fdk_id, removed_resources_count, resource_uri, harvest_run_id, start_time, timestamp, unchanged_resources_count) 
    values
        (?, ?, ?, ?, ?, ?, ?, ?, ?, ?, ?, ?, ?, ?, ?, ?)
Hibernate: 
    insert 
    into
        harvest_progress_events
        (accept_header, changed_resources_count, created_at, data_source_id, data_source_url, data_type, end_time, error_message, event_type, fdk_id, removed_resources_count, resource_uri, harvest_run_id, start_time, timestamp, unchanged_resources_count) 
    values
        (?, ?, ?, ?, ?, ?, ?, ?, ?, ?, ?, ?, ?, ?, ?, ?)
2025-12-09T15:16:05.963+01:00 DEBUG 38810 --- [fdk-harvest-admin-service] [ntainer#0-0-C-1] org.hibernate.SQL                        : 
    select
        hre1_0.id,
        hre1_0.ai_search_processing_duration_ms,
        hre1_0.api_processing_duration_ms,
        hre1_0.changed_resources_count,
        hre1_0.created_at,
        hre1_0.current_phase,
        hre1_0.data_source_id,
        hre1_0.data_type,
        hre1_0.error_message,
        hre1_0.harvest_duration_ms,
        hre1_0.init_duration_ms,
        hre1_0.last_event_timestamp,
        hre1_0.phase_started_at,
        hre1_0.processed_resources,
        hre1_0.rdf_parsing_duration_ms,
        hre1_0.reasoning_duration_ms,
        hre1_0.remaining_resources,
        hre1_0.removed_resources_count,
        hre1_0.run_ended_at,
        hre1_0.run_id,
        hre1_0.run_started_at,
        hre1_0.search_processing_duration_ms,
        hre1_0.sparql_processing_duration_ms,
        hre1_0.status,
        hre1_0.total_duration_ms,
        hre1_0.total_resources,
        hre1_0.unchanged_resources_count,
        hre1_0.updated_at 
    from
        harvest_runs hre1_0 
    where
        hre1_0.run_id=?
Hibernate: 
    select
        hre1_0.id,
        hre1_0.ai_search_processing_duration_ms,
        hre1_0.api_processing_duration_ms,
        hre1_0.changed_resources_count,
        hre1_0.created_at,
        hre1_0.current_phase,
        hre1_0.data_source_id,
        hre1_0.data_type,
        hre1_0.error_message,
        hre1_0.harvest_duration_ms,
        hre1_0.init_duration_ms,
        hre1_0.last_event_timestamp,
        hre1_0.phase_started_at,
        hre1_0.processed_resources,
        hre1_0.rdf_parsing_duration_ms,
        hre1_0.reasoning_duration_ms,
        hre1_0.remaining_resources,
        hre1_0.removed_resources_count,
        hre1_0.run_ended_at,
        hre1_0.run_id,
        hre1_0.run_started_at,
        hre1_0.search_processing_duration_ms,
        hre1_0.sparql_processing_duration_ms,
        hre1_0.status,
        hre1_0.total_duration_ms,
        hre1_0.total_resources,
        hre1_0.unchanged_resources_count,
        hre1_0.updated_at 
    from
        harvest_runs hre1_0 
    where
        hre1_0.run_id=?
2025-12-09T15:16:05.965+01:00 DEBUG 38810 --- [fdk-harvest-admin-service] [ntainer#0-0-C-1] org.hibernate.SQL                        : 
    select
        hre1_0.id,
        hre1_0.ai_search_processing_duration_ms,
        hre1_0.api_processing_duration_ms,
        hre1_0.changed_resources_count,
        hre1_0.created_at,
        hre1_0.current_phase,
        hre1_0.data_source_id,
        hre1_0.data_type,
        hre1_0.error_message,
        hre1_0.harvest_duration_ms,
        hre1_0.init_duration_ms,
        hre1_0.last_event_timestamp,
        hre1_0.phase_started_at,
        hre1_0.processed_resources,
        hre1_0.rdf_parsing_duration_ms,
        hre1_0.reasoning_duration_ms,
        hre1_0.remaining_resources,
        hre1_0.removed_resources_count,
        hre1_0.run_ended_at,
        hre1_0.run_id,
        hre1_0.run_started_at,
        hre1_0.search_processing_duration_ms,
        hre1_0.sparql_processing_duration_ms,
        hre1_0.status,
        hre1_0.total_duration_ms,
        hre1_0.total_resources,
        hre1_0.unchanged_resources_count,
        hre1_0.updated_at 
    from
        harvest_runs hre1_0 
    where
        hre1_0.data_source_id=? 
        and hre1_0.data_type=? 
        and hre1_0.status='IN_PROGRESS' 
    order by
        hre1_0.run_started_at desc
Hibernate: 
    select
        hre1_0.id,
        hre1_0.ai_search_processing_duration_ms,
        hre1_0.api_processing_duration_ms,
        hre1_0.changed_resources_count,
        hre1_0.created_at,
        hre1_0.current_phase,
        hre1_0.data_source_id,
        hre1_0.data_type,
        hre1_0.error_message,
        hre1_0.harvest_duration_ms,
        hre1_0.init_duration_ms,
        hre1_0.last_event_timestamp,
        hre1_0.phase_started_at,
        hre1_0.processed_resources,
        hre1_0.rdf_parsing_duration_ms,
        hre1_0.reasoning_duration_ms,
        hre1_0.remaining_resources,
        hre1_0.removed_resources_count,
        hre1_0.run_ended_at,
        hre1_0.run_id,
        hre1_0.run_started_at,
        hre1_0.search_processing_duration_ms,
        hre1_0.sparql_processing_duration_ms,
        hre1_0.status,
        hre1_0.total_duration_ms,
        hre1_0.total_resources,
        hre1_0.unchanged_resources_count,
        hre1_0.updated_at 
    from
        harvest_runs hre1_0 
    where
        hre1_0.data_source_id=? 
        and hre1_0.data_type=? 
        and hre1_0.status='IN_PROGRESS' 
    order by
        hre1_0.run_started_at desc
2025-12-09T15:16:05.966+01:00 DEBUG 38810 --- [fdk-harvest-admin-service] [ntainer#0-0-C-1] n.f.h.service.HarvestRunService          : Persisted harvest event: phase=HARVESTING, dataSourceId=b513a854-a7d6-4374-b775-1bf1b0bca2f3, fdkId=null
2025-12-09T15:16:05.967+01:00 DEBUG 38810 --- [fdk-harvest-admin-service] [ntainer#0-0-C-1] n.f.h.service.HarvestEventProcessor      : Successfully processed harvest event: phase=HARVESTING, dataSourceId=b513a854-a7d6-4374-b775-1bf1b0bca2f3
2025-12-09T15:16:05.967+01:00 DEBUG 38810 --- [fdk-harvest-admin-service] [ntainer#0-0-C-1] o.s.k.l.KafkaMessageListenerContainer    : Committing: {harvest-events-0=OffsetAndMetadata{offset=2, leaderEpoch=null, metadata=''}}
2025-12-09T15:16:08.947+01:00 DEBUG 38810 --- [fdk-harvest-admin-service] [           main] org.hibernate.SQL                        : 
    select
        hee1_0.id,
        hee1_0.accept_header,
        hee1_0.changed_resources_count,
        hee1_0.created_at,
        hee1_0.data_source_id,
        hee1_0.data_source_url,
        hee1_0.data_type,
        hee1_0.end_time,
        hee1_0.error_message,
        hee1_0.event_type,
        hee1_0.fdk_id,
        hee1_0.removed_resources_count,
        hee1_0.resource_uri,
        hee1_0.harvest_run_id,
        hee1_0.start_time,
        hee1_0.timestamp,
        hee1_0.unchanged_resources_count 
    from
        harvest_progress_events hee1_0 
    where
        hee1_0.data_source_id=? 
    order by
        hee1_0.timestamp desc
Hibernate: 
    select
        hee1_0.id,
        hee1_0.accept_header,
        hee1_0.changed_resources_count,
        hee1_0.created_at,
        hee1_0.data_source_id,
        hee1_0.data_source_url,
        hee1_0.data_type,
        hee1_0.end_time,
        hee1_0.error_message,
        hee1_0.event_type,
        hee1_0.fdk_id,
        hee1_0.removed_resources_count,
        hee1_0.resource_uri,
        hee1_0.harvest_run_id,
        hee1_0.start_time,
        hee1_0.timestamp,
        hee1_0.unchanged_resources_count 
    from
        harvest_progress_events hee1_0 
    where
        hee1_0.data_source_id=? 
    order by
        hee1_0.timestamp desc
✅ Harvest event with error message successfully persisted
]]></system-out>
  </testcase>
  <testcase name="should handle multiple harvest events for same data source" classname="no.fdk.harvestadmin.integration.KafkaIntegrationTest" time="5.024">
    <failure message="expected: &lt;REASONING&gt; but was: &lt;HARVESTING&gt;" type="org.opentest4j.AssertionFailedError"><![CDATA[org.opentest4j.AssertionFailedError: expected: <REASONING> but was: <HARVESTING>
	at org.junit.jupiter.api.AssertionFailureBuilder.build(AssertionFailureBuilder.java:151)
	at org.junit.jupiter.api.AssertionFailureBuilder.buildAndThrow(AssertionFailureBuilder.java:132)
	at org.junit.jupiter.api.AssertEquals.failNotEqual(AssertEquals.java:197)
	at org.junit.jupiter.api.AssertEquals.assertEquals(AssertEquals.java:182)
	at org.junit.jupiter.api.AssertEquals.assertEquals(AssertEquals.java:177)
	at org.junit.jupiter.api.Assertions.assertEquals(Assertions.java:1145)
	at no.fdk.harvestadmin.integration.KafkaIntegrationTest.should handle multiple harvest events for same data source(KafkaIntegrationTest.kt:146)
	at java.base/java.lang.reflect.Method.invoke(Method.java:580)
	at java.base/java.util.ArrayList.forEach(ArrayList.java:1597)
	at java.base/java.util.ArrayList.forEach(ArrayList.java:1597)
]]></failure>
    <system-out><![CDATA[2025-12-09T15:16:08.959+01:00  INFO 38810 --- [fdk-harvest-admin-service] [           main] n.f.h.kafka.KafkaHarvestEventPublisher   : Published harvest event to Kafka - phase: INITIATING, dataSourceId: a991d179-3d05-46c7-a648-f3f9434c4081, topic: harvest-events
2025-12-09T15:16:08.960+01:00  INFO 38810 --- [fdk-harvest-admin-service] [           main] n.f.h.kafka.KafkaHarvestEventPublisher   : Published harvest event to Kafka - phase: HARVESTING, dataSourceId: a991d179-3d05-46c7-a648-f3f9434c4081, topic: harvest-events
2025-12-09T15:16:08.961+01:00  INFO 38810 --- [fdk-harvest-admin-service] [           main] n.f.h.kafka.KafkaHarvestEventPublisher   : Published harvest event to Kafka - phase: REASONING, dataSourceId: a991d179-3d05-46c7-a648-f3f9434c4081, topic: harvest-events
✅ Published 3 harvest events to Kafka
2025-12-09T15:16:08.963+01:00 DEBUG 38810 --- [fdk-harvest-admin-service] [ntainer#0-0-C-1] o.s.k.l.KafkaMessageListenerContainer    : Received: 1 records
2025-12-09T15:16:08.964+01:00 DEBUG 38810 --- [fdk-harvest-admin-service] [ntainer#0-0-C-1] .a.RecordMessagingMessageListenerAdapter : Processing [GenericMessage [payload=org.springframework.kafka.support.KafkaNull@40f6a969, headers={id=2e981bbf-abfc-5e4a-f921-9e209d774a6e, timestamp=1765289762252}]]
2025-12-09T15:16:08.964+01:00 DEBUG 38810 --- [fdk-harvest-admin-service] [ntainer#0-0-C-1] n.f.h.kafka.KafkaHarvestEventConsumer    : Received harvest event - offset: 2, partition: 0
2025-12-09T15:16:08.964+01:00 DEBUG 38810 --- [fdk-harvest-admin-service] [ntainer#0-0-C-1] n.f.h.service.HarvestEventProcessor      : Skipping INITIATING event (persisted directly)
2025-12-09T15:16:08.964+01:00 DEBUG 38810 --- [fdk-harvest-admin-service] [ntainer#0-0-C-1] o.s.k.l.KafkaMessageListenerContainer    : Committing: {harvest-events-0=OffsetAndMetadata{offset=3, leaderEpoch=null, metadata=''}}
2025-12-09T15:16:08.967+01:00 DEBUG 38810 --- [fdk-harvest-admin-service] [ntainer#0-0-C-1] o.s.k.l.KafkaMessageListenerContainer    : Received: 2 records
2025-12-09T15:16:08.967+01:00 DEBUG 38810 --- [fdk-harvest-admin-service] [ntainer#0-0-C-1] .a.RecordMessagingMessageListenerAdapter : Processing [GenericMessage [payload=org.springframework.kafka.support.KafkaNull@40f6a969, headers={id=2e981bbf-abfc-5e4a-f921-9e209d774a6e, timestamp=1765289762252}]]
2025-12-09T15:16:08.967+01:00 DEBUG 38810 --- [fdk-harvest-admin-service] [ntainer#0-0-C-1] n.f.h.kafka.KafkaHarvestEventConsumer    : Received harvest event - offset: 3, partition: 0
2025-12-09T15:16:08.969+01:00 DEBUG 38810 --- [fdk-harvest-admin-service] [ntainer#0-0-C-1] org.hibernate.SQL                        : 
    select
        hre1_0.id,
        hre1_0.ai_search_processing_duration_ms,
        hre1_0.api_processing_duration_ms,
        hre1_0.changed_resources_count,
        hre1_0.created_at,
        hre1_0.current_phase,
        hre1_0.data_source_id,
        hre1_0.data_type,
        hre1_0.error_message,
        hre1_0.harvest_duration_ms,
        hre1_0.init_duration_ms,
        hre1_0.last_event_timestamp,
        hre1_0.phase_started_at,
        hre1_0.processed_resources,
        hre1_0.rdf_parsing_duration_ms,
        hre1_0.reasoning_duration_ms,
        hre1_0.remaining_resources,
        hre1_0.removed_resources_count,
        hre1_0.run_ended_at,
        hre1_0.run_id,
        hre1_0.run_started_at,
        hre1_0.search_processing_duration_ms,
        hre1_0.sparql_processing_duration_ms,
        hre1_0.status,
        hre1_0.total_duration_ms,
        hre1_0.total_resources,
        hre1_0.unchanged_resources_count,
        hre1_0.updated_at 
    from
        harvest_runs hre1_0 
    where
        hre1_0.run_id=?
Hibernate: 
    select
        hre1_0.id,
        hre1_0.ai_search_processing_duration_ms,
        hre1_0.api_processing_duration_ms,
        hre1_0.changed_resources_count,
        hre1_0.created_at,
        hre1_0.current_phase,
        hre1_0.data_source_id,
        hre1_0.data_type,
        hre1_0.error_message,
        hre1_0.harvest_duration_ms,
        hre1_0.init_duration_ms,
        hre1_0.last_event_timestamp,
        hre1_0.phase_started_at,
        hre1_0.processed_resources,
        hre1_0.rdf_parsing_duration_ms,
        hre1_0.reasoning_duration_ms,
        hre1_0.remaining_resources,
        hre1_0.removed_resources_count,
        hre1_0.run_ended_at,
        hre1_0.run_id,
        hre1_0.run_started_at,
        hre1_0.search_processing_duration_ms,
        hre1_0.sparql_processing_duration_ms,
        hre1_0.status,
        hre1_0.total_duration_ms,
        hre1_0.total_resources,
        hre1_0.unchanged_resources_count,
        hre1_0.updated_at 
    from
        harvest_runs hre1_0 
    where
        hre1_0.run_id=?
2025-12-09T15:16:08.970+01:00 DEBUG 38810 --- [fdk-harvest-admin-service] [ntainer#0-0-C-1] org.hibernate.SQL                        : 
    select
        hre1_0.id,
        hre1_0.ai_search_processing_duration_ms,
        hre1_0.api_processing_duration_ms,
        hre1_0.changed_resources_count,
        hre1_0.created_at,
        hre1_0.current_phase,
        hre1_0.data_source_id,
        hre1_0.data_type,
        hre1_0.error_message,
        hre1_0.harvest_duration_ms,
        hre1_0.init_duration_ms,
        hre1_0.last_event_timestamp,
        hre1_0.phase_started_at,
        hre1_0.processed_resources,
        hre1_0.rdf_parsing_duration_ms,
        hre1_0.reasoning_duration_ms,
        hre1_0.remaining_resources,
        hre1_0.removed_resources_count,
        hre1_0.run_ended_at,
        hre1_0.run_id,
        hre1_0.run_started_at,
        hre1_0.search_processing_duration_ms,
        hre1_0.sparql_processing_duration_ms,
        hre1_0.status,
        hre1_0.total_duration_ms,
        hre1_0.total_resources,
        hre1_0.unchanged_resources_count,
        hre1_0.updated_at 
    from
        harvest_runs hre1_0 
    where
        hre1_0.data_source_id=? 
        and hre1_0.data_type=? 
        and hre1_0.status='IN_PROGRESS' 
    order by
        hre1_0.run_started_at desc
Hibernate: 
    select
        hre1_0.id,
        hre1_0.ai_search_processing_duration_ms,
        hre1_0.api_processing_duration_ms,
        hre1_0.changed_resources_count,
        hre1_0.created_at,
        hre1_0.current_phase,
        hre1_0.data_source_id,
        hre1_0.data_type,
        hre1_0.error_message,
        hre1_0.harvest_duration_ms,
        hre1_0.init_duration_ms,
        hre1_0.last_event_timestamp,
        hre1_0.phase_started_at,
        hre1_0.processed_resources,
        hre1_0.rdf_parsing_duration_ms,
        hre1_0.reasoning_duration_ms,
        hre1_0.remaining_resources,
        hre1_0.removed_resources_count,
        hre1_0.run_ended_at,
        hre1_0.run_id,
        hre1_0.run_started_at,
        hre1_0.search_processing_duration_ms,
        hre1_0.sparql_processing_duration_ms,
        hre1_0.status,
        hre1_0.total_duration_ms,
        hre1_0.total_resources,
        hre1_0.unchanged_resources_count,
        hre1_0.updated_at 
    from
        harvest_runs hre1_0 
    where
        hre1_0.data_source_id=? 
        and hre1_0.data_type=? 
        and hre1_0.status='IN_PROGRESS' 
    order by
        hre1_0.run_started_at desc
2025-12-09T15:16:08.971+01:00 DEBUG 38810 --- [fdk-harvest-admin-service] [ntainer#0-0-C-1] org.hibernate.SQL                        : 
    insert 
    into
        harvest_progress_events
        (accept_header, changed_resources_count, created_at, data_source_id, data_source_url, data_type, end_time, error_message, event_type, fdk_id, removed_resources_count, resource_uri, harvest_run_id, start_time, timestamp, unchanged_resources_count) 
    values
        (?, ?, ?, ?, ?, ?, ?, ?, ?, ?, ?, ?, ?, ?, ?, ?)
Hibernate: 
    insert 
    into
        harvest_progress_events
        (accept_header, changed_resources_count, created_at, data_source_id, data_source_url, data_type, end_time, error_message, event_type, fdk_id, removed_resources_count, resource_uri, harvest_run_id, start_time, timestamp, unchanged_resources_count) 
    values
        (?, ?, ?, ?, ?, ?, ?, ?, ?, ?, ?, ?, ?, ?, ?, ?)
2025-12-09T15:16:08.973+01:00 DEBUG 38810 --- [fdk-harvest-admin-service] [ntainer#0-0-C-1] org.hibernate.SQL                        : 
    select
        hre1_0.id,
        hre1_0.ai_search_processing_duration_ms,
        hre1_0.api_processing_duration_ms,
        hre1_0.changed_resources_count,
        hre1_0.created_at,
        hre1_0.current_phase,
        hre1_0.data_source_id,
        hre1_0.data_type,
        hre1_0.error_message,
        hre1_0.harvest_duration_ms,
        hre1_0.init_duration_ms,
        hre1_0.last_event_timestamp,
        hre1_0.phase_started_at,
        hre1_0.processed_resources,
        hre1_0.rdf_parsing_duration_ms,
        hre1_0.reasoning_duration_ms,
        hre1_0.remaining_resources,
        hre1_0.removed_resources_count,
        hre1_0.run_ended_at,
        hre1_0.run_id,
        hre1_0.run_started_at,
        hre1_0.search_processing_duration_ms,
        hre1_0.sparql_processing_duration_ms,
        hre1_0.status,
        hre1_0.total_duration_ms,
        hre1_0.total_resources,
        hre1_0.unchanged_resources_count,
        hre1_0.updated_at 
    from
        harvest_runs hre1_0 
    where
        hre1_0.run_id=?
Hibernate: 
    select
        hre1_0.id,
        hre1_0.ai_search_processing_duration_ms,
        hre1_0.api_processing_duration_ms,
        hre1_0.changed_resources_count,
        hre1_0.created_at,
        hre1_0.current_phase,
        hre1_0.data_source_id,
        hre1_0.data_type,
        hre1_0.error_message,
        hre1_0.harvest_duration_ms,
        hre1_0.init_duration_ms,
        hre1_0.last_event_timestamp,
        hre1_0.phase_started_at,
        hre1_0.processed_resources,
        hre1_0.rdf_parsing_duration_ms,
        hre1_0.reasoning_duration_ms,
        hre1_0.remaining_resources,
        hre1_0.removed_resources_count,
        hre1_0.run_ended_at,
        hre1_0.run_id,
        hre1_0.run_started_at,
        hre1_0.search_processing_duration_ms,
        hre1_0.sparql_processing_duration_ms,
        hre1_0.status,
        hre1_0.total_duration_ms,
        hre1_0.total_resources,
        hre1_0.unchanged_resources_count,
        hre1_0.updated_at 
    from
        harvest_runs hre1_0 
    where
        hre1_0.run_id=?
2025-12-09T15:16:08.974+01:00 DEBUG 38810 --- [fdk-harvest-admin-service] [ntainer#0-0-C-1] org.hibernate.SQL                        : 
[...]
	security.protocol = PLAINTEXT
	security.providers = null
	send.buffer.bytes = 131072
	socket.connection.setup.timeout.max.ms = 30000
	socket.connection.setup.timeout.ms = 10000
	ssl.cipher.suites = null
	ssl.enabled.protocols = [TLSv1.2, TLSv1.3]
	ssl.endpoint.identification.algorithm = https
	ssl.engine.factory.class = null
	ssl.key.password = null
	ssl.keymanager.algorithm = SunX509
	ssl.keystore.certificate.chain = null
	ssl.keystore.key = null
	ssl.keystore.location = null
	ssl.keystore.password = null
	ssl.keystore.type = JKS
	ssl.protocol = TLSv1.3
	ssl.provider = null
	ssl.secure.random.implementation = null
	ssl.trustmanager.algorithm = PKIX
	ssl.truststore.certificates = null
	ssl.truststore.location = null
	ssl.truststore.password = null
	ssl.truststore.type = JKS
	transaction.timeout.ms = 60000
	transactional.id = null
	value.serializer = class io.confluent.kafka.serializers.KafkaAvroSerializer

2025-12-09T15:16:17.168+01:00  INFO 38810 --- [fdk-harvest-admin-service] [           main] o.a.k.c.t.i.KafkaMetricsCollector        : initializing Kafka metrics collector
2025-12-09T15:16:17.169+01:00  INFO 38810 --- [fdk-harvest-admin-service] [           main] i.c.k.s.KafkaAvroSerializerConfig        : KafkaAvroSerializerConfig values: 
	auto.register.schemas = true
	avro.reflection.allow.null = false
	avro.remove.java.properties = false
	avro.use.logical.type.converters = false
	basic.auth.credentials.source = URL
	basic.auth.user.info = [hidden]
	bearer.auth.cache.expiry.buffer.seconds = 300
	bearer.auth.client.id = null
	bearer.auth.client.secret = null
	bearer.auth.credentials.source = STATIC_TOKEN
	bearer.auth.custom.provider.class = null
	bearer.auth.identity.pool.id = null
	bearer.auth.issuer.endpoint.url = null
	bearer.auth.logical.cluster = null
	bearer.auth.scope = null
	bearer.auth.scope.claim.name = scope
	bearer.auth.sub.claim.name = sub
	bearer.auth.token = [hidden]
	context.name.strategy = class io.confluent.kafka.serializers.context.NullContextNameStrategy
	http.connect.timeout.ms = 60000
	http.read.timeout.ms = 60000
	id.compatibility.strict = true
	key.schema.id.deserializer = class io.confluent.kafka.serializers.schema.id.DualSchemaIdDeserializer
	key.schema.id.serializer = class io.confluent.kafka.serializers.schema.id.PrefixSchemaIdSerializer
	key.subject.name.strategy = class io.confluent.kafka.serializers.subject.TopicNameStrategy
	latest.cache.size = 1000
	latest.cache.ttl.sec = -1
	latest.compatibility.strict = true
	max.retries = 3
	max.schemas.per.subject = 1000
	normalize.schemas = false
	propagate.schema.tags = false
	proxy.host = 
	proxy.port = -1
	retries.max.wait.ms = 20000
	retries.wait.ms = 1000
	rule.actions = []
	rule.executors = []
	rule.service.loader.enable = true
	schema.format = null
	schema.reflection = false
	schema.registry.basic.auth.user.info = [hidden]
	schema.registry.ssl.cipher.suites = null
	schema.registry.ssl.enabled.protocols = [TLSv1.2, TLSv1.3]
	schema.registry.ssl.endpoint.identification.algorithm = https
	schema.registry.ssl.engine.factory.class = null
	schema.registry.ssl.key.password = null
	schema.registry.ssl.keymanager.algorithm = SunX509
	schema.registry.ssl.keystore.certificate.chain = null
	schema.registry.ssl.keystore.key = null
	schema.registry.ssl.keystore.location = null
	schema.registry.ssl.keystore.password = null
	schema.registry.ssl.keystore.type = JKS
	schema.registry.ssl.protocol = TLSv1.3
	schema.registry.ssl.provider = null
	schema.registry.ssl.secure.random.implementation = null
	schema.registry.ssl.trustmanager.algorithm = PKIX
	schema.registry.ssl.truststore.certificates = null
	schema.registry.ssl.truststore.location = null
	schema.registry.ssl.truststore.password = null
	schema.registry.ssl.truststore.type = JKS
	schema.registry.url = [http://localhost:34877]
	schema.registry.url.randomize = false
	use.latest.version = false
	use.latest.with.metadata = null
	use.schema.id = -1
	value.schema.id.deserializer = class io.confluent.kafka.serializers.schema.id.DualSchemaIdDeserializer
	value.schema.id.serializer = class io.confluent.kafka.serializers.schema.id.PrefixSchemaIdSerializer
	value.subject.name.strategy = class io.confluent.kafka.serializers.subject.TopicNameStrategy

2025-12-09T15:16:17.169+01:00  INFO 38810 --- [fdk-harvest-admin-service] [           main] o.a.k.clients.producer.KafkaProducer     : [Producer clientId=producer-2] Instantiated an idempotent producer.
2025-12-09T15:16:17.171+01:00  INFO 38810 --- [fdk-harvest-admin-service] [           main] o.a.k.clients.producer.ProducerConfig    : These configurations '[schema.registry.url]' were supplied but are not used yet.
2025-12-09T15:16:17.171+01:00  INFO 38810 --- [fdk-harvest-admin-service] [           main] o.a.kafka.common.utils.AppInfoParser     : Kafka version: 3.9.1
2025-12-09T15:16:17.171+01:00  INFO 38810 --- [fdk-harvest-admin-service] [           main] o.a.kafka.common.utils.AppInfoParser     : Kafka commitId: f745dfdcee2b9851
2025-12-09T15:16:17.171+01:00  INFO 38810 --- [fdk-harvest-admin-service] [           main] o.a.kafka.common.utils.AppInfoParser     : Kafka startTimeMs: 1765289777171
2025-12-09T15:16:17.176+01:00  INFO 38810 --- [fdk-harvest-admin-service] [ad | producer-2] org.apache.kafka.clients.Metadata        : [Producer clientId=producer-2] Cluster ID: CFxZu7uTRveZ7QRjNC_8Uw
2025-12-09T15:16:17.177+01:00  INFO 38810 --- [fdk-harvest-admin-service] [ad | producer-2] o.a.k.c.p.internals.TransactionManager   : [Producer clientId=producer-2] ProducerId set to 2 with epoch 0
✅ Produced message to topic: harvest-events
2025-12-09T15:16:17.195+01:00 DEBUG 38810 --- [fdk-harvest-admin-service] [ntainer#0-0-C-1] o.s.k.l.KafkaMessageListenerContainer    : Received: 1 records
2025-12-09T15:16:17.195+01:00 DEBUG 38810 --- [fdk-harvest-admin-service] [ntainer#0-0-C-1] .a.RecordMessagingMessageListenerAdapter : Processing [GenericMessage [payload=org.springframework.kafka.support.KafkaNull@40f6a969, headers={id=2e981bbf-abfc-5e4a-f921-9e209d774a6e, timestamp=1765289762252}]]
2025-12-09T15:16:17.195+01:00 DEBUG 38810 --- [fdk-harvest-admin-service] [ntainer#0-0-C-1] n.f.h.kafka.KafkaHarvestEventConsumer    : Received harvest event - offset: 6, partition: 0
2025-12-09T15:16:17.197+01:00 DEBUG 38810 --- [fdk-harvest-admin-service] [ntainer#0-0-C-1] org.hibernate.SQL                        : 
    select
        hre1_0.id,
        hre1_0.ai_search_processing_duration_ms,
        hre1_0.api_processing_duration_ms,
        hre1_0.changed_resources_count,
        hre1_0.created_at,
        hre1_0.current_phase,
        hre1_0.data_source_id,
        hre1_0.data_type,
        hre1_0.error_message,
        hre1_0.harvest_duration_ms,
        hre1_0.init_duration_ms,
        hre1_0.last_event_timestamp,
        hre1_0.phase_started_at,
        hre1_0.processed_resources,
        hre1_0.rdf_parsing_duration_ms,
        hre1_0.reasoning_duration_ms,
        hre1_0.remaining_resources,
        hre1_0.removed_resources_count,
        hre1_0.run_ended_at,
        hre1_0.run_id,
        hre1_0.run_started_at,
        hre1_0.search_processing_duration_ms,
        hre1_0.sparql_processing_duration_ms,
        hre1_0.status,
        hre1_0.total_duration_ms,
        hre1_0.total_resources,
        hre1_0.unchanged_resources_count,
        hre1_0.updated_at 
    from
        harvest_runs hre1_0 
    where
        hre1_0.run_id=?
Hibernate: 
    select
        hre1_0.id,
        hre1_0.ai_search_processing_duration_ms,
        hre1_0.api_processing_duration_ms,
        hre1_0.changed_resources_count,
        hre1_0.created_at,
        hre1_0.current_phase,
        hre1_0.data_source_id,
        hre1_0.data_type,
        hre1_0.error_message,
        hre1_0.harvest_duration_ms,
        hre1_0.init_duration_ms,
        hre1_0.last_event_timestamp,
        hre1_0.phase_started_at,
        hre1_0.processed_resources,
        hre1_0.rdf_parsing_duration_ms,
        hre1_0.reasoning_duration_ms,
        hre1_0.remaining_resources,
        hre1_0.removed_resources_count,
        hre1_0.run_ended_at,
        hre1_0.run_id,
        hre1_0.run_started_at,
        hre1_0.search_processing_duration_ms,
        hre1_0.sparql_processing_duration_ms,
        hre1_0.status,
        hre1_0.total_duration_ms,
        hre1_0.total_resources,
        hre1_0.unchanged_resources_count,
        hre1_0.updated_at 
    from
        harvest_runs hre1_0 
    where
        hre1_0.run_id=?
2025-12-09T15:16:17.198+01:00 DEBUG 38810 --- [fdk-harvest-admin-service] [ntainer#0-0-C-1] org.hibernate.SQL                        : 
    select
        hre1_0.id,
        hre1_0.ai_search_processing_duration_ms,
        hre1_0.api_processing_duration_ms,
        hre1_0.changed_resources_count,
        hre1_0.created_at,
        hre1_0.current_phase,
        hre1_0.data_source_id,
        hre1_0.data_type,
        hre1_0.error_message,
        hre1_0.harvest_duration_ms,
        hre1_0.init_duration_ms,
        hre1_0.last_event_timestamp,
        hre1_0.phase_started_at,
        hre1_0.processed_resources,
        hre1_0.rdf_parsing_duration_ms,
        hre1_0.reasoning_duration_ms,
        hre1_0.remaining_resources,
        hre1_0.removed_resources_count,
        hre1_0.run_ended_at,
        hre1_0.run_id,
        hre1_0.run_started_at,
        hre1_0.search_processing_duration_ms,
        hre1_0.sparql_processing_duration_ms,
        hre1_0.status,
        hre1_0.total_duration_ms,
        hre1_0.total_resources,
        hre1_0.unchanged_resources_count,
        hre1_0.updated_at 
    from
        harvest_runs hre1_0 
    where
        hre1_0.data_source_id=? 
        and hre1_0.data_type=? 
        and hre1_0.status='IN_PROGRESS' 
    order by
        hre1_0.run_started_at desc
Hibernate: 
    select
        hre1_0.id,
        hre1_0.ai_search_processing_duration_ms,
        hre1_0.api_processing_duration_ms,
        hre1_0.changed_resources_count,
        hre1_0.created_at,
        hre1_0.current_phase,
        hre1_0.data_source_id,
        hre1_0.data_type,
        hre1_0.error_message,
        hre1_0.harvest_duration_ms,
        hre1_0.init_duration_ms,
        hre1_0.last_event_timestamp,
        hre1_0.phase_started_at,
        hre1_0.processed_resources,
        hre1_0.rdf_parsing_duration_ms,
        hre1_0.reasoning_duration_ms,
        hre1_0.remaining_resources,
        hre1_0.removed_resources_count,
        hre1_0.run_ended_at,
        hre1_0.run_id,
        hre1_0.run_started_at,
        hre1_0.search_processing_duration_ms,
        hre1_0.sparql_processing_duration_ms,
        hre1_0.status,
        hre1_0.total_duration_ms,
        hre1_0.total_resources,
        hre1_0.unchanged_resources_count,
        hre1_0.updated_at 
    from
        harvest_runs hre1_0 
    where
        hre1_0.data_source_id=? 
        and hre1_0.data_type=? 
        and hre1_0.status='IN_PROGRESS' 
    order by
        hre1_0.run_started_at desc
2025-12-09T15:16:17.199+01:00 DEBUG 38810 --- [fdk-harvest-admin-service] [ntainer#0-0-C-1] org.hibernate.SQL                        : 
    insert 
    into
        harvest_progress_events
        (accept_header, changed_resources_count, created_at, data_source_id, data_source_url, data_type, end_time, error_message, event_type, fdk_id, removed_resources_count, resource_uri, harvest_run_id, start_time, timestamp, unchanged_resources_count) 
    values
        (?, ?, ?, ?, ?, ?, ?, ?, ?, ?, ?, ?, ?, ?, ?, ?)
Hibernate: 
    insert 
    into
        harvest_progress_events
        (accept_header, changed_resources_count, created_at, data_source_id, data_source_url, data_type, end_time, error_message, event_type, fdk_id, removed_resources_count, resource_uri, harvest_run_id, start_time, timestamp, unchanged_resources_count) 
    values
        (?, ?, ?, ?, ?, ?, ?, ?, ?, ?, ?, ?, ?, ?, ?, ?)
2025-12-09T15:16:17.201+01:00 DEBUG 38810 --- [fdk-harvest-admin-service] [ntainer#0-0-C-1] org.hibernate.SQL                        : 
    select
        hre1_0.id,
        hre1_0.ai_search_processing_duration_ms,
        hre1_0.api_processing_duration_ms,
        hre1_0.changed_resources_count,
        hre1_0.created_at,
        hre1_0.current_phase,
        hre1_0.data_source_id,
        hre1_0.data_type,
        hre1_0.error_message,
        hre1_0.harvest_duration_ms,
        hre1_0.init_duration_ms,
        hre1_0.last_event_timestamp,
        hre1_0.phase_started_at,
        hre1_0.processed_resources,
        hre1_0.rdf_parsing_duration_ms,
        hre1_0.reasoning_duration_ms,
        hre1_0.remaining_resources,
        hre1_0.removed_resources_count,
        hre1_0.run_ended_at,
        hre1_0.run_id,
        hre1_0.run_started_at,
        hre1_0.search_processing_duration_ms,
        hre1_0.sparql_processing_duration_ms,
        hre1_0.status,
        hre1_0.total_duration_ms,
        hre1_0.total_resources,
        hre1_0.unchanged_resources_count,
        hre1_0.updated_at 
    from
        harvest_runs hre1_0 
    where
        hre1_0.run_id=?
Hibernate: 
    select
        hre1_0.id,
        hre1_0.ai_search_processing_duration_ms,
        hre1_0.api_processing_duration_ms,
        hre1_0.changed_resources_count,
        hre1_0.created_at,
        hre1_0.current_phase,
        hre1_0.data_source_id,
        hre1_0.data_type,
        hre1_0.error_message,
        hre1_0.harvest_duration_ms,
        hre1_0.init_duration_ms,
        hre1_0.last_event_timestamp,
        hre1_0.phase_started_at,
        hre1_0.processed_resources,
        hre1_0.rdf_parsing_duration_ms,
        hre1_0.reasoning_duration_ms,
        hre1_0.remaining_resources,
        hre1_0.removed_resources_count,
        hre1_0.run_ended_at,
        hre1_0.run_id,
        hre1_0.run_started_at,
        hre1_0.search_processing_duration_ms,
        hre1_0.sparql_processing_duration_ms,
        hre1_0.status,
        hre1_0.total_duration_ms,
        hre1_0.total_resources,
        hre1_0.unchanged_resources_count,
        hre1_0.updated_at 
    from
        harvest_runs hre1_0 
    where
        hre1_0.run_id=?
2025-12-09T15:16:17.202+01:00 DEBUG 38810 --- [fdk-harvest-admin-service] [ntainer#0-0-C-1] org.hibernate.SQL                        : 
    select
        hre1_0.id,
        hre1_0.ai_search_processing_duration_ms,
        hre1_0.api_processing_duration_ms,
        hre1_0.changed_resources_count,
        hre1_0.created_at,
        hre1_0.current_phase,
        hre1_0.data_source_id,
        hre1_0.data_type,
        hre1_0.error_message,
        hre1_0.harvest_duration_ms,
        hre1_0.init_duration_ms,
        hre1_0.last_event_timestamp,
        hre1_0.phase_started_at,
        hre1_0.processed_resources,
        hre1_0.rdf_parsing_duration_ms,
        hre1_0.reasoning_duration_ms,
        hre1_0.remaining_resources,
        hre1_0.removed_resources_count,
        hre1_0.run_ended_at,
        hre1_0.run_id,
        hre1_0.run_started_at,
        hre1_0.search_processing_duration_ms,
        hre1_0.sparql_processing_duration_ms,
        hre1_0.status,
        hre1_0.total_duration_ms,
        hre1_0.total_resources,
        hre1_0.unchanged_resources_count,
        hre1_0.updated_at 
    from
        harvest_runs hre1_0 
    where
        hre1_0.data_source_id=? 
        and hre1_0.data_type=? 
        and hre1_0.status='IN_PROGRESS' 
    order by
        hre1_0.run_started_at desc
Hibernate: 
    select
        hre1_0.id,
        hre1_0.ai_search_processing_duration_ms,
        hre1_0.api_processing_duration_ms,
        hre1_0.changed_resources_count,
        hre1_0.created_at,
        hre1_0.current_phase,
        hre1_0.data_source_id,
        hre1_0.data_type,
        hre1_0.error_message,
        hre1_0.harvest_duration_ms,
        hre1_0.init_duration_ms,
        hre1_0.last_event_timestamp,
        hre1_0.phase_started_at,
        hre1_0.processed_resources,
        hre1_0.rdf_parsing_duration_ms,
        hre1_0.reasoning_duration_ms,
        hre1_0.remaining_resources,
        hre1_0.removed_resources_count,
        hre1_0.run_ended_at,
        hre1_0.run_id,
        hre1_0.run_started_at,
        hre1_0.search_processing_duration_ms,
        hre1_0.sparql_processing_duration_ms,
        hre1_0.status,
        hre1_0.total_duration_ms,
        hre1_0.total_resources,
        hre1_0.unchanged_resources_count,
        hre1_0.updated_at 
    from
        harvest_runs hre1_0 
    where
        hre1_0.data_source_id=? 
        and hre1_0.data_type=? 
        and hre1_0.status='IN_PROGRESS' 
    order by
        hre1_0.run_started_at desc
2025-12-09T15:16:17.202+01:00 DEBUG 38810 --- [fdk-harvest-admin-service] [ntainer#0-0-C-1] n.f.h.service.HarvestRunService          : Persisted harvest event: phase=HARVESTING, dataSourceId=782c2b8b-2c01-4632-84e1-9e85a7dd9fce, fdkId=null
2025-12-09T15:16:17.203+01:00 DEBUG 38810 --- [fdk-harvest-admin-service] [ntainer#0-0-C-1] n.f.h.service.HarvestEventProcessor      : Successfully processed harvest event: phase=HARVESTING, dataSourceId=782c2b8b-2c01-4632-84e1-9e85a7dd9fce
2025-12-09T15:16:17.203+01:00 DEBUG 38810 --- [fdk-harvest-admin-service] [ntainer#0-0-C-1] o.s.k.l.KafkaMessageListenerContainer    : Committing: {harvest-events-0=OffsetAndMetadata{offset=7, leaderEpoch=null, metadata=''}}
2025-12-09T15:16:20.225+01:00 DEBUG 38810 --- [fdk-harvest-admin-service] [           main] org.hibernate.SQL                        : 
    select
        hee1_0.id,
        hee1_0.accept_header,
        hee1_0.changed_resources_count,
        hee1_0.created_at,
        hee1_0.data_source_id,
        hee1_0.data_source_url,
        hee1_0.data_type,
        hee1_0.end_time,
        hee1_0.error_message,
        hee1_0.event_type,
        hee1_0.fdk_id,
        hee1_0.removed_resources_count,
        hee1_0.resource_uri,
        hee1_0.harvest_run_id,
        hee1_0.start_time,
        hee1_0.timestamp,
        hee1_0.unchanged_resources_count 
    from
        harvest_progress_events hee1_0 
    where
        hee1_0.data_source_id=? 
    order by
        hee1_0.timestamp desc
Hibernate: 
    select
        hee1_0.id,
        hee1_0.accept_header,
        hee1_0.changed_resources_count,
        hee1_0.created_at,
        hee1_0.data_source_id,
        hee1_0.data_source_url,
        hee1_0.data_type,
        hee1_0.end_time,
        hee1_0.error_message,
        hee1_0.event_type,
        hee1_0.fdk_id,
        hee1_0.removed_resources_count,
        hee1_0.resource_uri,
        hee1_0.harvest_run_id,
        hee1_0.start_time,
        hee1_0.timestamp,
        hee1_0.unchanged_resources_count 
    from
        harvest_progress_events hee1_0 
    where
        hee1_0.data_source_id=? 
    order by
        hee1_0.timestamp desc
✅ Harvest event successfully stored and retrieved from database
2025-12-09T15:16:20.227+01:00  INFO 38810 --- [fdk-harvest-admin-service] [           main] o.a.k.clients.producer.KafkaProducer     : [Producer clientId=producer-2] Closing the Kafka producer with timeoutMillis = 9223372036854775807 ms.
2025-12-09T15:16:20.229+01:00  INFO 38810 --- [fdk-harvest-admin-service] [           main] o.apache.kafka.common.metrics.Metrics    : Metrics scheduler closed
2025-12-09T15:16:20.229+01:00  INFO 38810 --- [fdk-harvest-admin-service] [           main] o.apache.kafka.common.metrics.Metrics    : Closing reporter org.apache.kafka.common.metrics.JmxReporter
2025-12-09T15:16:20.229+01:00  INFO 38810 --- [fdk-harvest-admin-service] [           main] o.apache.kafka.common.metrics.Metrics    : Closing reporter org.apache.kafka.common.telemetry.internals.ClientTelemetryReporter
2025-12-09T15:16:20.229+01:00  INFO 38810 --- [fdk-harvest-admin-service] [           main] o.apache.kafka.common.metrics.Metrics    : Metrics reporters closed
2025-12-09T15:16:20.230+01:00  INFO 38810 --- [fdk-harvest-admin-service] [           main] o.a.kafka.common.utils.AppInfoParser     : App info kafka.producer for producer-2 unregistered
]]></system-out>
  </testcase>
</testsuite>